<?xml version="1.0" encoding="UTF-8"?>
<coverage generated="1681744794437" clover="3.2.0">
  <project timestamp="1681744794437" name="All files">
    <metrics statements="391" coveredstatements="388" conditionals="158" coveredconditionals="152" methods="102" coveredmethods="102" elements="651" coveredelements="642" complexity="0" loc="391" ncloc="391" packages="5" files="32" classes="32"/>
    <package name="bloco-01-fundamentos.secao-06-introducao-a-javascript-es6-e-testes-unitarios.dia-02-primeiros-passos-em-jest.source">
      <metrics statements="49" coveredstatements="49" conditionals="20" coveredconditionals="20" methods="7" coveredmethods="7"/>
      <file name="exercicio-01.js" path="/home/gabriel/Área de Trabalho/Workspace/trybe-curso/bloco-01-fundamentos/secao-06-introducao-a-javascript-es6-e-testes-unitarios/dia-02-primeiros-passos-em-jest/source/exercicio-01.js">
        <metrics statements="6" coveredstatements="6" conditionals="2" coveredconditionals="2" methods="1" coveredmethods="1"/>
        <line num="2" count="3" type="stmt"/>
        <line num="4" count="3" type="stmt"/>
        <line num="5" count="12" type="cond" truecount="2" falsecount="0"/>
        <line num="6" count="10" type="stmt"/>
        <line num="10" count="3" type="stmt"/>
        <line num="13" count="1" type="stmt"/>
      </file>
      <file name="exercicio-02.js" path="/home/gabriel/Área de Trabalho/Workspace/trybe-curso/bloco-01-fundamentos/secao-06-introducao-a-javascript-es6-e-testes-unitarios/dia-02-primeiros-passos-em-jest/source/exercicio-02.js">
        <metrics statements="6" coveredstatements="6" conditionals="10" coveredconditionals="10" methods="1" coveredmethods="1"/>
        <line num="2" count="5" type="cond" truecount="2" falsecount="0"/>
        <line num="3" count="4" type="cond" truecount="4" falsecount="0"/>
        <line num="4" count="3" type="cond" truecount="2" falsecount="0"/>
        <line num="5" count="2" type="cond" truecount="2" falsecount="0"/>
        <line num="7" count="1" type="stmt"/>
        <line num="10" count="1" type="stmt"/>
      </file>
      <file name="exercicio-03.js" path="/home/gabriel/Área de Trabalho/Workspace/trybe-curso/bloco-01-fundamentos/secao-06-introducao-a-javascript-es6-e-testes-unitarios/dia-02-primeiros-passos-em-jest/source/exercicio-03.js">
        <metrics statements="17" coveredstatements="17" conditionals="2" coveredconditionals="2" methods="3" coveredmethods="3"/>
        <line num="1" count="1" type="stmt"/>
        <line num="2" count="12" type="stmt"/>
        <line num="3" count="12" type="stmt"/>
        <line num="5" count="12" type="stmt"/>
        <line num="6" count="40" type="stmt"/>
        <line num="7" count="40" type="stmt"/>
        <line num="9" count="40" type="cond" truecount="2" falsecount="0"/>
        <line num="10" count="19" type="stmt"/>
        <line num="12" count="21" type="stmt"/>
        <line num="16" count="12" type="stmt"/>
        <line num="19" count="1" type="stmt"/>
        <line num="20" count="6" type="stmt"/>
        <line num="28" count="6" type="stmt"/>
        <line num="31" count="1" type="stmt"/>
        <line num="32" count="6" type="stmt"/>
        <line num="40" count="6" type="stmt"/>
        <line num="43" count="1" type="stmt"/>
      </file>
      <file name="exercicio-04.js" path="/home/gabriel/Área de Trabalho/Workspace/trybe-curso/bloco-01-fundamentos/secao-06-introducao-a-javascript-es6-e-testes-unitarios/dia-02-primeiros-passos-em-jest/source/exercicio-04.js">
        <metrics statements="8" coveredstatements="8" conditionals="2" coveredconditionals="2" methods="1" coveredmethods="1"/>
        <line num="1" count="1" type="stmt"/>
        <line num="2" count="2" type="cond" truecount="2" falsecount="0"/>
        <line num="4" count="1" type="stmt"/>
        <line num="5" count="1" type="stmt"/>
        <line num="7" count="1" type="stmt"/>
        <line num="8" count="5" type="stmt"/>
        <line num="14" count="1" type="stmt"/>
        <line num="17" count="1" type="stmt"/>
      </file>
      <file name="exercicio-05.js" path="/home/gabriel/Área de Trabalho/Workspace/trybe-curso/bloco-01-fundamentos/secao-06-introducao-a-javascript-es6-e-testes-unitarios/dia-02-primeiros-passos-em-jest/source/exercicio-05.js">
        <metrics statements="12" coveredstatements="12" conditionals="4" coveredconditionals="4" methods="1" coveredmethods="1"/>
        <line num="1" count="1" type="stmt"/>
        <line num="2" count="5" type="stmt"/>
        <line num="3" count="5" type="stmt"/>
        <line num="5" count="5" type="stmt"/>
        <line num="6" count="162" type="stmt"/>
        <line num="8" count="162" type="cond" truecount="2" falsecount="0"/>
        <line num="9" count="12" type="stmt"/>
        <line num="13" count="5" type="stmt"/>
        <line num="15" count="5" type="cond" truecount="2" falsecount="0"/>
        <line num="16" count="4" type="stmt"/>
        <line num="19" count="5" type="stmt"/>
        <line num="22" count="1" type="stmt"/>
      </file>
    </package>
    <package name="bloco-01-fundamentos.secao-06-introducao-a-javascript-es6-e-testes-unitarios.dia-03-matchers-e-cobertura-de-codigo.source">
      <metrics statements="32" coveredstatements="32" conditionals="20" coveredconditionals="20" methods="4" coveredmethods="4"/>
      <file name="exercicio-01.js" path="/home/gabriel/Área de Trabalho/Workspace/trybe-curso/bloco-01-fundamentos/secao-06-introducao-a-javascript-es6-e-testes-unitarios/dia-03-matchers-e-cobertura-de-codigo/source/exercicio-01.js">
        <metrics statements="9" coveredstatements="9" conditionals="6" coveredconditionals="6" methods="1" coveredmethods="1"/>
        <line num="1" count="1" type="stmt"/>
        <line num="2" count="6" type="cond" truecount="2" falsecount="0"/>
        <line num="3" count="2" type="stmt"/>
        <line num="6" count="4" type="cond" truecount="2" falsecount="0"/>
        <line num="7" count="2" type="stmt"/>
        <line num="10" count="2" type="cond" truecount="2" falsecount="0"/>
        <line num="11" count="1" type="stmt"/>
        <line num="14" count="2" type="stmt"/>
        <line num="22" count="1" type="stmt"/>
      </file>
      <file name="exercicio-02.js" path="/home/gabriel/Área de Trabalho/Workspace/trybe-curso/bloco-01-fundamentos/secao-06-introducao-a-javascript-es6-e-testes-unitarios/dia-03-matchers-e-cobertura-de-codigo/source/exercicio-02.js">
        <metrics statements="4" coveredstatements="4" conditionals="4" coveredconditionals="4" methods="1" coveredmethods="1"/>
        <line num="2" count="4" type="cond" truecount="4" falsecount="0"/>
        <line num="3" count="2" type="stmt"/>
        <line num="6" count="2" type="stmt"/>
        <line num="9" count="1" type="stmt"/>
      </file>
      <file name="exercicio-03.js" path="/home/gabriel/Área de Trabalho/Workspace/trybe-curso/bloco-01-fundamentos/secao-06-introducao-a-javascript-es6-e-testes-unitarios/dia-03-matchers-e-cobertura-de-codigo/source/exercicio-03.js">
        <metrics statements="6" coveredstatements="6" conditionals="4" coveredconditionals="4" methods="1" coveredmethods="1"/>
        <line num="1" count="1" type="stmt"/>
        <line num="7" count="1" type="stmt"/>
        <line num="8" count="3" type="cond" truecount="4" falsecount="0"/>
        <line num="9" count="1" type="stmt"/>
        <line num="12" count="2" type="stmt"/>
        <line num="15" count="1" type="stmt"/>
      </file>
      <file name="exercicio-04.js" path="/home/gabriel/Área de Trabalho/Workspace/trybe-curso/bloco-01-fundamentos/secao-06-introducao-a-javascript-es6-e-testes-unitarios/dia-03-matchers-e-cobertura-de-codigo/source/exercicio-04.js">
        <metrics statements="13" coveredstatements="13" conditionals="6" coveredconditionals="6" methods="1" coveredmethods="1"/>
        <line num="1" count="1" type="stmt"/>
        <line num="40" count="1" type="stmt"/>
        <line num="41" count="7" type="stmt"/>
        <line num="43" count="7" type="stmt"/>
        <line num="44" count="42" type="stmt"/>
        <line num="46" count="42" type="cond" truecount="2" falsecount="0"/>
        <line num="47" count="4" type="stmt"/>
        <line num="51" count="7" type="cond" truecount="2" falsecount="0"/>
        <line num="52" count="3" type="stmt"/>
        <line num="55" count="4" type="cond" truecount="2" falsecount="0"/>
        <line num="56" count="1" type="stmt"/>
        <line num="59" count="3" type="stmt"/>
        <line num="62" count="1" type="stmt"/>
      </file>
    </package>
    <package name="bloco-05-projetos.secao-01-fundamentos.projeto-05-js-unit-tests.source">
      <metrics statements="80" coveredstatements="79" conditionals="26" coveredconditionals="25" methods="16" coveredmethods="16"/>
      <file name="script-01.js" path="/home/gabriel/Área de Trabalho/Workspace/trybe-curso/bloco-05-projetos/secao-01-fundamentos/projeto-05-js-unit-tests/source/script-01.js">
        <metrics statements="10" coveredstatements="10" conditionals="4" coveredconditionals="4" methods="1" coveredmethods="1"/>
        <line num="1" count="1" type="stmt"/>
        <line num="2" count="12" type="cond" truecount="2" falsecount="0"/>
        <line num="3" count="1" type="stmt"/>
        <line num="6" count="11" type="stmt"/>
        <line num="8" count="11" type="stmt"/>
        <line num="9" count="38" type="cond" truecount="2" falsecount="0"/>
        <line num="10" count="4" type="stmt"/>
        <line num="13" count="34" type="stmt"/>
        <line num="16" count="7" type="stmt"/>
        <line num="19" count="1" type="stmt"/>
      </file>
      <file name="script-02.js" path="/home/gabriel/Área de Trabalho/Workspace/trybe-curso/bloco-05-projetos/secao-01-fundamentos/projeto-05-js-unit-tests/source/script-02.js">
        <metrics statements="5" coveredstatements="5" conditionals="4" coveredconditionals="4" methods="1" coveredmethods="1"/>
        <line num="1" count="1" type="stmt"/>
        <line num="2" count="7" type="stmt"/>
        <line num="4" count="7" type="cond" truecount="4" falsecount="0"/>
        <line num="6" count="5" type="stmt"/>
        <line num="13" count="1" type="stmt"/>
      </file>
      <file name="script-03.js" path="/home/gabriel/Área de Trabalho/Workspace/trybe-curso/bloco-05-projetos/secao-01-fundamentos/projeto-05-js-unit-tests/source/script-03.js">
        <metrics statements="5" coveredstatements="5" conditionals="0" coveredconditionals="0" methods="2" coveredmethods="2"/>
        <line num="1" count="1" type="stmt"/>
        <line num="2" count="3" type="stmt"/>
        <line num="4" count="3" type="stmt"/>
        <line num="7" count="3" type="stmt"/>
        <line num="10" count="1" type="stmt"/>
      </file>
      <file name="script-04.js" path="/home/gabriel/Área de Trabalho/Workspace/trybe-curso/bloco-05-projetos/secao-01-fundamentos/projeto-05-js-unit-tests/source/script-04.js">
        <metrics statements="9" coveredstatements="9" conditionals="4" coveredconditionals="4" methods="1" coveredmethods="1"/>
        <line num="1" count="1" type="stmt"/>
        <line num="19" count="1" type="stmt"/>
        <line num="20" count="6" type="cond" truecount="2" falsecount="0"/>
        <line num="21" count="1" type="stmt"/>
        <line num="24" count="5" type="stmt"/>
        <line num="26" count="5" type="cond" truecount="2" falsecount="0"/>
        <line num="27" count="4" type="stmt"/>
        <line num="30" count="1" type="stmt"/>
        <line num="33" count="1" type="stmt"/>
      </file>
      <file name="script-05.js" path="/home/gabriel/Área de Trabalho/Workspace/trybe-curso/bloco-05-projetos/secao-01-fundamentos/projeto-05-js-unit-tests/source/script-05.js">
        <metrics statements="8" coveredstatements="8" conditionals="0" coveredconditionals="0" methods="1" coveredmethods="1"/>
        <line num="1" count="1" type="stmt"/>
        <line num="2" count="1" type="stmt"/>
        <line num="4" count="1" type="stmt"/>
        <line num="5" count="4" type="stmt"/>
        <line num="7" count="4" type="stmt"/>
        <line num="8" count="8" type="stmt"/>
        <line num="12" count="1" type="stmt"/>
        <line num="15" count="1" type="stmt"/>
      </file>
      <file name="script-06.js" path="/home/gabriel/Área de Trabalho/Workspace/trybe-curso/bloco-05-projetos/secao-01-fundamentos/projeto-05-js-unit-tests/source/script-06.js">
        <metrics statements="6" coveredstatements="6" conditionals="2" coveredconditionals="2" methods="1" coveredmethods="1"/>
        <line num="1" count="1" type="stmt"/>
        <line num="2" count="4" type="stmt"/>
        <line num="3" count="11" type="cond" truecount="2" falsecount="0"/>
        <line num="4" count="3" type="stmt"/>
        <line num="8" count="1" type="stmt"/>
        <line num="11" count="1" type="stmt"/>
      </file>
      <file name="script-07.js" path="/home/gabriel/Área de Trabalho/Workspace/trybe-curso/bloco-05-projetos/secao-01-fundamentos/projeto-05-js-unit-tests/source/script-07.js">
        <metrics statements="10" coveredstatements="9" conditionals="4" coveredconditionals="3" methods="2" coveredmethods="2"/>
        <line num="1" count="1" type="stmt"/>
        <line num="2" count="7" type="stmt"/>
        <line num="9" count="7" type="stmt"/>
        <line num="12" count="1" type="stmt"/>
        <line num="13" count="7" type="cond" truecount="3" falsecount="1"/>
        <line num="15" count="2" type="stmt"/>
        <line num="18" count="2" type="stmt"/>
        <line num="21" count="3" type="stmt"/>
        <line num="24" count="0" type="stmt"/>
        <line num="28" count="1" type="stmt"/>
      </file>
      <file name="script-08.js" path="/home/gabriel/Área de Trabalho/Workspace/trybe-curso/bloco-05-projetos/secao-01-fundamentos/projeto-05-js-unit-tests/source/script-08.js">
        <metrics statements="2" coveredstatements="2" conditionals="0" coveredconditionals="0" methods="1" coveredmethods="1"/>
        <line num="1" count="6" type="stmt"/>
        <line num="16" count="1" type="stmt"/>
      </file>
      <file name="script-09.js" path="/home/gabriel/Área de Trabalho/Workspace/trybe-curso/bloco-05-projetos/secao-01-fundamentos/projeto-05-js-unit-tests/source/script-09.js">
        <metrics statements="16" coveredstatements="16" conditionals="4" coveredconditionals="4" methods="5" coveredmethods="5"/>
        <line num="1" count="1" type="stmt"/>
        <line num="2" count="6" type="stmt"/>
        <line num="3" count="2" type="stmt"/>
        <line num="6" count="6" type="stmt"/>
        <line num="7" count="10" type="cond" truecount="2" falsecount="0"/>
        <line num="8" count="5" type="stmt"/>
        <line num="9" count="5" type="stmt"/>
        <line num="13" count="1" type="stmt"/>
        <line num="16" count="1" type="stmt"/>
        <line num="18" count="1" type="stmt"/>
        <line num="19" count="5" type="stmt"/>
        <line num="20" count="10" type="cond" truecount="2" falsecount="0"/>
        <line num="21" count="5" type="stmt"/>
        <line num="26" count="1" type="stmt"/>
        <line num="30" count="6" type="stmt"/>
        <line num="33" count="1" type="stmt"/>
      </file>
      <file name="script-10.js" path="/home/gabriel/Área de Trabalho/Workspace/trybe-curso/bloco-05-projetos/secao-01-fundamentos/projeto-05-js-unit-tests/source/script-10.js">
        <metrics statements="9" coveredstatements="9" conditionals="4" coveredconditionals="4" methods="1" coveredmethods="1"/>
        <line num="1" count="1" type="stmt"/>
        <line num="2" count="5" type="cond" truecount="4" falsecount="0"/>
        <line num="3" count="1" type="stmt"/>
        <line num="6" count="4" type="stmt"/>
        <line num="7" count="4" type="stmt"/>
        <line num="8" count="4" type="stmt"/>
        <line num="9" count="4" type="stmt"/>
        <line num="11" count="4" type="stmt"/>
        <line num="14" count="1" type="stmt"/>
      </file>
    </package>
    <package name="bloco-05-projetos.secao-01-fundamentos.projeto-06-js-zoo-functions.data">
      <metrics statements="11" coveredstatements="11" conditionals="0" coveredconditionals="0" methods="0" coveredmethods="0"/>
      <file name="script-01.js" path="/home/gabriel/Área de Trabalho/Workspace/trybe-curso/bloco-05-projetos/secao-01-fundamentos/projeto-06-js-zoo-functions/data/script-01.js">
        <metrics statements="11" coveredstatements="11" conditionals="0" coveredconditionals="0" methods="0" coveredmethods="0"/>
        <line num="1" count="12" type="stmt"/>
        <line num="2" count="12" type="stmt"/>
        <line num="3" count="12" type="stmt"/>
        <line num="4" count="12" type="stmt"/>
        <line num="5" count="12" type="stmt"/>
        <line num="6" count="12" type="stmt"/>
        <line num="7" count="12" type="stmt"/>
        <line num="8" count="12" type="stmt"/>
        <line num="9" count="12" type="stmt"/>
        <line num="10" count="12" type="stmt"/>
        <line num="12" count="12" type="stmt"/>
      </file>
    </package>
    <package name="bloco-05-projetos.secao-01-fundamentos.projeto-06-js-zoo-functions.source">
      <metrics statements="219" coveredstatements="217" conditionals="92" coveredconditionals="87" methods="75" coveredmethods="75"/>
      <file name="script-01.js" path="/home/gabriel/Área de Trabalho/Workspace/trybe-curso/bloco-05-projetos/secao-01-fundamentos/projeto-06-js-zoo-functions/source/script-01.js">
        <metrics statements="4" coveredstatements="4" conditionals="0" coveredconditionals="0" methods="2" coveredmethods="2"/>
        <line num="1" count="1" type="stmt"/>
        <line num="3" count="4" type="stmt"/>
        <line num="4" count="36" type="stmt"/>
        <line num="6" count="1" type="stmt"/>
      </file>
      <file name="script-02.js" path="/home/gabriel/Área de Trabalho/Workspace/trybe-curso/bloco-05-projetos/secao-01-fundamentos/projeto-06-js-zoo-functions/source/script-02.js">
        <metrics statements="5" coveredstatements="5" conditionals="0" coveredconditionals="0" methods="3" coveredmethods="3"/>
        <line num="1" count="1" type="stmt"/>
        <line num="3" count="2" type="stmt"/>
        <line num="4" count="9" type="stmt"/>
        <line num="5" count="7" type="stmt"/>
        <line num="7" count="1" type="stmt"/>
      </file>
      <file name="script-03.js" path="/home/gabriel/Área de Trabalho/Workspace/trybe-curso/bloco-05-projetos/secao-01-fundamentos/projeto-06-js-zoo-functions/source/script-03.js">
        <metrics statements="7" coveredstatements="7" conditionals="4" coveredconditionals="4" methods="2" coveredmethods="2"/>
        <line num="1" count="1" type="stmt"/>
        <line num="3" count="1" type="stmt"/>
        <line num="4" count="3" type="cond" truecount="2" falsecount="0"/>
        <line num="5" count="1" type="stmt"/>
        <line num="8" count="2" type="stmt"/>
        <line num="9" count="12" type="cond" truecount="2" falsecount="0"/>
        <line num="12" count="1" type="stmt"/>
      </file>
      <file name="script-04.js" path="/home/gabriel/Área de Trabalho/Workspace/trybe-curso/bloco-05-projetos/secao-01-fundamentos/projeto-06-js-zoo-functions/source/script-04.js">
        <metrics statements="10" coveredstatements="10" conditionals="2" coveredconditionals="2" methods="5" coveredmethods="5"/>
        <line num="1" count="1" type="stmt"/>
        <line num="3" count="6" type="stmt"/>
        <line num="4" count="22" type="stmt"/>
        <line num="6" count="1" type="stmt"/>
        <line num="7" count="2" type="cond" truecount="2" falsecount="0"/>
        <line num="8" count="1" type="stmt"/>
        <line num="11" count="1" type="stmt"/>
        <line num="12" count="8" type="stmt"/>
        <line num="13" count="3" type="stmt"/>
        <line num="16" count="1" type="stmt"/>
      </file>
      <file name="script-05.js" path="/home/gabriel/Área de Trabalho/Workspace/trybe-curso/bloco-05-projetos/secao-01-fundamentos/projeto-06-js-zoo-functions/source/script-05.js">
        <metrics statements="13" coveredstatements="13" conditionals="4" coveredconditionals="4" methods="4" coveredmethods="4"/>
        <line num="1" count="1" type="stmt"/>
        <line num="3" count="1" type="stmt"/>
        <line num="4" count="5" type="cond" truecount="2" falsecount="0"/>
        <line num="5" count="1" type="stmt"/>
        <line num="7" count="9" type="stmt"/>
        <line num="8" count="9" type="stmt"/>
        <line num="12" count="4" type="stmt"/>
        <line num="13" count="24" type="stmt"/>
        <line num="15" count="4" type="cond" truecount="2" falsecount="0"/>
        <line num="16" count="2" type="stmt"/>
        <line num="17" count="7" type="stmt"/>
        <line num="20" count="2" type="stmt"/>
        <line num="23" count="1" type="stmt"/>
      </file>
      <file name="script-06.js" path="/home/gabriel/Área de Trabalho/Workspace/trybe-curso/bloco-05-projetos/secao-01-fundamentos/projeto-06-js-zoo-functions/source/script-06.js">
        <metrics statements="22" coveredstatements="22" conditionals="10" coveredconditionals="10" methods="7" coveredmethods="7"/>
        <line num="1" count="1" type="stmt"/>
        <line num="3" count="7" type="stmt"/>
        <line num="4" count="56" type="stmt"/>
        <line num="6" count="1" type="stmt"/>
        <line num="7" count="4" type="stmt"/>
        <line num="9" count="1" type="stmt"/>
        <line num="10" count="4" type="cond" truecount="4" falsecount="0"/>
        <line num="12" count="1" type="stmt"/>
        <line num="15" count="1" type="stmt"/>
        <line num="16" count="4" type="stmt"/>
        <line num="19" count="1" type="stmt"/>
        <line num="22" count="1" type="stmt"/>
        <line num="26" count="1" type="stmt"/>
        <line num="27" count="9" type="cond" truecount="2" falsecount="0"/>
        <line num="28" count="1" type="stmt"/>
        <line num="31" count="8" type="cond" truecount="2" falsecount="0"/>
        <line num="32" count="1" type="stmt"/>
        <line num="35" count="7" type="stmt"/>
        <line num="37" count="7" type="cond" truecount="2" falsecount="0"/>
        <line num="38" count="3" type="stmt"/>
        <line num="41" count="4" type="stmt"/>
        <line num="44" count="1" type="stmt"/>
      </file>
      <file name="script-07.js" path="/home/gabriel/Área de Trabalho/Workspace/trybe-curso/bloco-05-projetos/secao-01-fundamentos/projeto-06-js-zoo-functions/source/script-07.js">
        <metrics statements="16" coveredstatements="16" conditionals="5" coveredconditionals="5" methods="6" coveredmethods="6"/>
        <line num="1" count="1" type="stmt"/>
        <line num="3" count="1" type="stmt"/>
        <line num="4" count="6" type="stmt"/>
        <line num="5" count="17" type="stmt"/>
        <line num="7" count="6" type="stmt"/>
        <line num="8" count="17" type="cond" truecount="2" falsecount="0"/>
        <line num="10" count="6" type="stmt"/>
        <line num="11" count="17" type="stmt"/>
        <line num="13" count="6" type="stmt"/>
        <line num="20" count="1" type="cond" truecount="1" falsecount="0"/>
        <line num="21" count="7" type="cond" truecount="2" falsecount="0"/>
        <line num="22" count="2" type="stmt"/>
        <line num="25" count="5" type="stmt"/>
        <line num="27" count="15" type="stmt"/>
        <line num="30" count="5" type="stmt"/>
        <line num="33" count="1" type="stmt"/>
      </file>
      <file name="script-08.js" path="/home/gabriel/Área de Trabalho/Workspace/trybe-curso/bloco-05-projetos/secao-01-fundamentos/projeto-06-js-zoo-functions/source/script-08.js">
        <metrics statements="27" coveredstatements="27" conditionals="10" coveredconditionals="10" methods="10" coveredmethods="10"/>
        <line num="1" count="1" type="stmt"/>
        <line num="3" count="2" type="stmt"/>
        <line num="6" count="14" type="cond" truecount="2" falsecount="0"/>
        <line num="9" count="108" type="stmt"/>
        <line num="10" count="72" type="stmt"/>
        <line num="13" count="14" type="stmt"/>
        <line num="18" count="14" type="stmt"/>
        <line num="21" count="1" type="stmt"/>
        <line num="28" count="1" type="stmt"/>
        <line num="29" count="2" type="stmt"/>
        <line num="32" count="18" type="stmt"/>
        <line num="33" count="12" type="stmt"/>
        <line num="36" count="2" type="stmt"/>
        <line num="44" count="1" type="stmt"/>
        <line num="45" count="7" type="cond" truecount="2" falsecount="0"/>
        <line num="46" count="1" type="stmt"/>
        <line num="49" count="6" type="cond" truecount="2" falsecount="0"/>
        <line num="50" count="1" type="stmt"/>
        <line num="53" count="5" type="stmt"/>
        <line num="55" count="5" type="cond" truecount="2" falsecount="0"/>
        <line num="56" count="2" type="stmt"/>
        <line num="59" count="3" type="stmt"/>
        <line num="60" count="14" type="stmt"/>
        <line num="62" count="3" type="cond" truecount="2" falsecount="0"/>
        <line num="63" count="1" type="stmt"/>
        <line num="66" count="2" type="stmt"/>
        <line num="69" count="1" type="stmt"/>
      </file>
      <file name="script-09.js" path="/home/gabriel/Área de Trabalho/Workspace/trybe-curso/bloco-05-projetos/secao-01-fundamentos/projeto-06-js-zoo-functions/source/script-09.js">
        <metrics statements="12" coveredstatements="12" conditionals="2" coveredconditionals="2" methods="4" coveredmethods="4"/>
        <line num="1" count="1" type="stmt"/>
        <line num="3" count="1" type="stmt"/>
        <line num="4" count="8" type="stmt"/>
        <line num="5" count="36" type="stmt"/>
        <line num="7" count="8" type="stmt"/>
        <line num="9" count="8" type="stmt"/>
        <line num="10" count="27" type="stmt"/>
        <line num="12" count="8" type="stmt"/>
        <line num="14" count="8" type="stmt"/>
        <line num="15" count="28" type="cond" truecount="2" falsecount="0"/>
        <line num="20" count="8" type="stmt"/>
        <line num="23" count="1" type="stmt"/>
      </file>
      <file name="script-10.js" path="/home/gabriel/Área de Trabalho/Workspace/trybe-curso/bloco-05-projetos/secao-01-fundamentos/projeto-06-js-zoo-functions/source/script-10.js">
        <metrics statements="38" coveredstatements="36" conditionals="16" coveredconditionals="14" methods="14" coveredmethods="14"/>
        <line num="1" count="1" type="stmt"/>
        <line num="3" count="1" type="stmt"/>
        <line num="4" count="4" type="cond" truecount="3" falsecount="0"/>
        <line num="9" count="1" type="stmt"/>
        <line num="10" count="4" type="stmt"/>
        <line num="12" count="4" type="cond" truecount="1" falsecount="1"/>
        <line num="13" count="0" type="stmt"/>
        <line num="16" count="4" type="stmt"/>
        <line num="18" count="4" type="cond" truecount="3" falsecount="1"/>
        <line num="19" count="0" type="stmt"/>
        <line num="23" count="1" type="stmt"/>
        <line num="24" count="4" type="cond" truecount="2" falsecount="0"/>
        <line num="25" count="1" type="stmt"/>
        <line num="29" count="1" type="stmt"/>
        <line num="30" count="4" type="stmt"/>
        <line num="32" count="27" type="cond" truecount="3" falsecount="0"/>
        <line num="37" count="4" type="stmt"/>
        <line num="39" count="3" type="stmt"/>
        <line num="40" count="3" type="stmt"/>
        <line num="41" count="27" type="stmt"/>
        <line num="43" count="3" type="stmt"/>
        <line num="46" count="6" type="stmt"/>
        <line num="47" count="6" type="stmt"/>
        <line num="51" count="1" type="stmt"/>
        <line num="52" count="1" type="stmt"/>
        <line num="54" count="1" type="stmt"/>
        <line num="55" count="8" type="stmt"/>
        <line num="56" count="72" type="stmt"/>
        <line num="58" count="8" type="stmt"/>
        <line num="61" count="21" type="stmt"/>
        <line num="62" count="21" type="stmt"/>
        <line num="66" count="1" type="stmt"/>
        <line num="69" count="1" type="stmt"/>
        <line num="70" count="5" type="cond" truecount="2" falsecount="0"/>
        <line num="71" count="1" type="stmt"/>
        <line num="74" count="4" type="stmt"/>
        <line num="75" count="4" type="stmt"/>
        <line num="78" count="1" type="stmt"/>
      </file>
      <file name="script-11.js" path="/home/gabriel/Área de Trabalho/Workspace/trybe-curso/bloco-05-projetos/secao-01-fundamentos/projeto-06-js-zoo-functions/source/script-11.js">
        <metrics statements="42" coveredstatements="42" conditionals="31" coveredconditionals="28" methods="8" coveredmethods="8"/>
        <line num="1" count="1" type="stmt"/>
        <line num="3" count="1" type="stmt"/>
        <line num="4" count="1" type="stmt"/>
        <line num="6" count="1" type="stmt"/>
        <line num="7" count="15" type="cond" truecount="2" falsecount="0"/>
        <line num="8" count="2" type="stmt"/>
        <line num="12" count="1" type="stmt"/>
        <line num="13" count="6" type="cond" truecount="2" falsecount="0"/>
        <line num="14" count="1" type="stmt"/>
        <line num="18" count="1" type="stmt"/>
        <line num="19" count="8" type="stmt"/>
        <line num="20" count="8" type="stmt"/>
        <line num="22" count="8" type="stmt"/>
        <line num="23" count="7" type="stmt"/>
        <line num="24" count="6" type="stmt"/>
        <line num="26" count="5" type="cond" truecount="3" falsecount="0"/>
        <line num="28" count="1" type="stmt"/>
        <line num="31" count="1" type="stmt"/>
        <line num="34" count="3" type="stmt"/>
        <line num="38" count="1" type="stmt"/>
        <line num="39" count="9" type="cond" truecount="2" falsecount="0"/>
        <line num="40" count="1" type="stmt"/>
        <line num="44" count="13" type="cond" truecount="2" falsecount="0"/>
        <line num="46" count="2" type="stmt"/>
        <line num="52" count="1" type="stmt"/>
        <line num="53" count="2" type="stmt"/>
        <line num="55" count="2" type="cond" truecount="4" falsecount="0"/>
        <line num="58" count="1" type="stmt"/>
        <line num="59" count="10" type="cond" truecount="2" falsecount="0"/>
        <line num="60" count="1" type="stmt"/>
        <line num="63" count="9" type="stmt"/>
        <line num="65" count="9" type="stmt"/>
        <line num="66" count="8" type="stmt"/>
        <line num="68" count="3" type="stmt"/>
        <line num="70" count="3" type="cond" truecount="2" falsecount="0"/>
        <line num="71" count="1" type="stmt"/>
        <line num="74" count="2" type="stmt"/>
        <line num="75" count="2" type="stmt"/>
        <line num="77" count="2" type="stmt"/>
        <line num="79" count="2" type="cond" truecount="2" falsecount="0"/>
        <line num="80" count="2" type="stmt"/>
        <line num="83" count="1" type="stmt"/>
      </file>
      <file name="script-12.js" path="/home/gabriel/Área de Trabalho/Workspace/trybe-curso/bloco-05-projetos/secao-01-fundamentos/projeto-06-js-zoo-functions/source/script-12.js">
        <metrics statements="23" coveredstatements="23" conditionals="8" coveredconditionals="8" methods="10" coveredmethods="10"/>
        <line num="1" count="1" type="stmt"/>
        <line num="3" count="27" type="stmt"/>
        <line num="5" count="16" type="stmt"/>
        <line num="7" count="36" type="stmt"/>
        <line num="8" count="124" type="stmt"/>
        <line num="10" count="36" type="cond" truecount="2" falsecount="0"/>
        <line num="11" count="18" type="stmt"/>
        <line num="12" count="62" type="stmt"/>
        <line num="13" count="28" type="stmt"/>
        <line num="16" count="36" type="cond" truecount="2" falsecount="0"/>
        <line num="17" count="18" type="stmt"/>
        <line num="20" count="36" type="stmt"/>
        <line num="23" count="1" type="stmt"/>
        <line num="24" count="28" type="stmt"/>
        <line num="25" count="252" type="stmt"/>
        <line num="27" count="28" type="cond" truecount="2" falsecount="0"/>
        <line num="28" count="24" type="stmt"/>
        <line num="30" count="24" type="cond" truecount="2" falsecount="0"/>
        <line num="35" count="4" type="stmt"/>
        <line num="38" count="1" type="stmt"/>
        <line num="39" count="7" type="stmt"/>
        <line num="46" count="7" type="stmt"/>
        <line num="49" count="1" type="stmt"/>
      </file>
    </package>
  </project>
</coverage>
