{"/home/gabriel/Área de Trabalho/Workspace/trybe-curso/bloco-01-fundamentos/secao-06-introducao-a-javascript-es6-e-testes-unitarios/dia-02-primeiros-passos-em-jest/source/exercicio-01.js": {"path":"/home/gabriel/Área de Trabalho/Workspace/trybe-curso/bloco-01-fundamentos/secao-06-introducao-a-javascript-es6-e-testes-unitarios/dia-02-primeiros-passos-em-jest/source/exercicio-01.js","statementMap":{"0":{"start":{"line":2,"column":17},"end":{"line":2,"column":19}},"1":{"start":{"line":4,"column":2},"end":{"line":8,"column":3}},"2":{"start":{"line":4,"column":19},"end":{"line":4,"column":20}},"3":{"start":{"line":5,"column":4},"end":{"line":7,"column":5}},"4":{"start":{"line":6,"column":6},"end":{"line":6,"column":30}},"5":{"start":{"line":10,"column":2},"end":{"line":10,"column":16}},"6":{"start":{"line":13,"column":0},"end":{"line":13,"column":26}}},"fnMap":{"0":{"name":"myRemove","decl":{"start":{"line":1,"column":9},"end":{"line":1,"column":17}},"loc":{"start":{"line":1,"column":30},"end":{"line":11,"column":1}},"line":1}},"branchMap":{"0":{"loc":{"start":{"line":5,"column":4},"end":{"line":7,"column":5}},"type":"if","locations":[{"start":{"line":5,"column":4},"end":{"line":7,"column":5}},{"start":{},"end":{}}],"line":5}},"s":{"0":3,"1":3,"2":3,"3":12,"4":10,"5":3,"6":1},"f":{"0":3},"b":{"0":[10,2]},"_coverageSchema":"1a1c01bbd47fc00a2c39e90264f33305004495a9","hash":"6d1635be59b4302ec5fe5690735762a4f93ca83e"}
,"/home/gabriel/Área de Trabalho/Workspace/trybe-curso/bloco-01-fundamentos/secao-06-introducao-a-javascript-es6-e-testes-unitarios/dia-02-primeiros-passos-em-jest/source/exercicio-02.js": {"path":"/home/gabriel/Área de Trabalho/Workspace/trybe-curso/bloco-01-fundamentos/secao-06-introducao-a-javascript-es6-e-testes-unitarios/dia-02-primeiros-passos-em-jest/source/exercicio-02.js","statementMap":{"0":{"start":{"line":2,"column":2},"end":{"line":2,"column":44}},"1":{"start":{"line":2,"column":31},"end":{"line":2,"column":44}},"2":{"start":{"line":3,"column":2},"end":{"line":3,"column":56}},"3":{"start":{"line":3,"column":38},"end":{"line":3,"column":56}},"4":{"start":{"line":4,"column":2},"end":{"line":4,"column":35}},"5":{"start":{"line":4,"column":21},"end":{"line":4,"column":35}},"6":{"start":{"line":5,"column":2},"end":{"line":5,"column":35}},"7":{"start":{"line":5,"column":21},"end":{"line":5,"column":35}},"8":{"start":{"line":7,"column":2},"end":{"line":7,"column":13}},"9":{"start":{"line":10,"column":0},"end":{"line":10,"column":28}}},"fnMap":{"0":{"name":"myFizzBuzz","decl":{"start":{"line":1,"column":9},"end":{"line":1,"column":19}},"loc":{"start":{"line":1,"column":26},"end":{"line":8,"column":1}},"line":1}},"branchMap":{"0":{"loc":{"start":{"line":2,"column":2},"end":{"line":2,"column":44}},"type":"if","locations":[{"start":{"line":2,"column":2},"end":{"line":2,"column":44}},{"start":{},"end":{}}],"line":2},"1":{"loc":{"start":{"line":3,"column":2},"end":{"line":3,"column":56}},"type":"if","locations":[{"start":{"line":3,"column":2},"end":{"line":3,"column":56}},{"start":{},"end":{}}],"line":3},"2":{"loc":{"start":{"line":3,"column":6},"end":{"line":3,"column":36}},"type":"binary-expr","locations":[{"start":{"line":3,"column":6},"end":{"line":3,"column":19}},{"start":{"line":3,"column":23},"end":{"line":3,"column":36}}],"line":3},"3":{"loc":{"start":{"line":4,"column":2},"end":{"line":4,"column":35}},"type":"if","locations":[{"start":{"line":4,"column":2},"end":{"line":4,"column":35}},{"start":{},"end":{}}],"line":4},"4":{"loc":{"start":{"line":5,"column":2},"end":{"line":5,"column":35}},"type":"if","locations":[{"start":{"line":5,"column":2},"end":{"line":5,"column":35}},{"start":{},"end":{}}],"line":5}},"s":{"0":5,"1":1,"2":4,"3":1,"4":3,"5":1,"6":2,"7":1,"8":1,"9":1},"f":{"0":5},"b":{"0":[1,4],"1":[1,3],"2":[4,2],"3":[1,2],"4":[1,1]},"_coverageSchema":"1a1c01bbd47fc00a2c39e90264f33305004495a9","hash":"435158f2b15f6572112c33bfd5d2cf25386916be"}
,"/home/gabriel/Área de Trabalho/Workspace/trybe-curso/bloco-01-fundamentos/secao-06-introducao-a-javascript-es6-e-testes-unitarios/dia-02-primeiros-passos-em-jest/source/exercicio-03.js": {"path":"/home/gabriel/Área de Trabalho/Workspace/trybe-curso/bloco-01-fundamentos/secao-06-introducao-a-javascript-es6-e-testes-unitarios/dia-02-primeiros-passos-em-jest/source/exercicio-03.js","statementMap":{"0":{"start":{"line":1,"column":18},"end":{"line":17,"column":1}},"1":{"start":{"line":2,"column":22},"end":{"line":2,"column":38}},"2":{"start":{"line":3,"column":22},"end":{"line":3,"column":24}},"3":{"start":{"line":5,"column":2},"end":{"line":14,"column":3}},"4":{"start":{"line":5,"column":19},"end":{"line":5,"column":20}},"5":{"start":{"line":6,"column":22},"end":{"line":6,"column":40}},"6":{"start":{"line":7,"column":24},"end":{"line":7,"column":44}},"7":{"start":{"line":9,"column":4},"end":{"line":13,"column":5}},"8":{"start":{"line":10,"column":6},"end":{"line":10,"column":36}},"9":{"start":{"line":12,"column":6},"end":{"line":12,"column":34}},"10":{"start":{"line":16,"column":2},"end":{"line":16,"column":30}},"11":{"start":{"line":19,"column":15},"end":{"line":29,"column":1}},"12":{"start":{"line":20,"column":14},"end":{"line":26,"column":3}},"13":{"start":{"line":28,"column":2},"end":{"line":28,"column":32}},"14":{"start":{"line":31,"column":15},"end":{"line":41,"column":1}},"15":{"start":{"line":32,"column":14},"end":{"line":38,"column":3}},"16":{"start":{"line":40,"column":2},"end":{"line":40,"column":32}},"17":{"start":{"line":43,"column":0},"end":{"line":43,"column":36}}},"fnMap":{"0":{"name":"(anonymous_0)","decl":{"start":{"line":1,"column":18},"end":{"line":1,"column":19}},"loc":{"start":{"line":1,"column":41},"end":{"line":17,"column":1}},"line":1},"1":{"name":"(anonymous_1)","decl":{"start":{"line":19,"column":15},"end":{"line":19,"column":16}},"loc":{"start":{"line":19,"column":27},"end":{"line":29,"column":1}},"line":19},"2":{"name":"(anonymous_2)","decl":{"start":{"line":31,"column":15},"end":{"line":31,"column":16}},"loc":{"start":{"line":31,"column":27},"end":{"line":41,"column":1}},"line":31}},"branchMap":{"0":{"loc":{"start":{"line":9,"column":4},"end":{"line":13,"column":5}},"type":"if","locations":[{"start":{"line":9,"column":4},"end":{"line":13,"column":5}},{"start":{"line":11,"column":11},"end":{"line":13,"column":5}}],"line":9}},"s":{"0":1,"1":12,"2":12,"3":12,"4":12,"5":40,"6":40,"7":40,"8":19,"9":21,"10":12,"11":1,"12":6,"13":6,"14":1,"15":6,"16":6,"17":1},"f":{"0":12,"1":6,"2":6},"b":{"0":[19,21]},"_coverageSchema":"1a1c01bbd47fc00a2c39e90264f33305004495a9","hash":"779ebe9de5e997cb9b6ac8c929a852e43e29948a"}
,"/home/gabriel/Área de Trabalho/Workspace/trybe-curso/bloco-01-fundamentos/secao-06-introducao-a-javascript-es6-e-testes-unitarios/dia-02-primeiros-passos-em-jest/source/exercicio-04.js": {"path":"/home/gabriel/Área de Trabalho/Workspace/trybe-curso/bloco-01-fundamentos/secao-06-introducao-a-javascript-es6-e-testes-unitarios/dia-02-primeiros-passos-em-jest/source/exercicio-04.js","statementMap":{"0":{"start":{"line":1,"column":17},"end":{"line":15,"column":1}},"1":{"start":{"line":2,"column":2},"end":{"line":2,"column":54}},"2":{"start":{"line":2,"column":38},"end":{"line":2,"column":54}},"3":{"start":{"line":4,"column":22},"end":{"line":4,"column":46}},"4":{"start":{"line":5,"column":25},"end":{"line":5,"column":27}},"5":{"start":{"line":7,"column":2},"end":{"line":12,"column":3}},"6":{"start":{"line":7,"column":19},"end":{"line":7,"column":20}},"7":{"start":{"line":8,"column":4},"end":{"line":11,"column":7}},"8":{"start":{"line":14,"column":2},"end":{"line":14,"column":24}},"9":{"start":{"line":17,"column":0},"end":{"line":17,"column":26}}},"fnMap":{"0":{"name":"(anonymous_0)","decl":{"start":{"line":1,"column":17},"end":{"line":1,"column":18}},"loc":{"start":{"line":1,"column":46},"end":{"line":15,"column":1}},"line":1}},"branchMap":{"0":{"loc":{"start":{"line":2,"column":2},"end":{"line":2,"column":54}},"type":"if","locations":[{"start":{"line":2,"column":2},"end":{"line":2,"column":54}},{"start":{},"end":{}}],"line":2}},"s":{"0":1,"1":2,"2":1,"3":1,"4":1,"5":1,"6":1,"7":5,"8":1,"9":1},"f":{"0":2},"b":{"0":[1,1]},"_coverageSchema":"1a1c01bbd47fc00a2c39e90264f33305004495a9","hash":"5fbe8ee16768d7f1387e0f2aadd0e774c655a90f"}
,"/home/gabriel/Área de Trabalho/Workspace/trybe-curso/bloco-01-fundamentos/secao-06-introducao-a-javascript-es6-e-testes-unitarios/dia-02-primeiros-passos-em-jest/source/exercicio-05.js": {"path":"/home/gabriel/Área de Trabalho/Workspace/trybe-curso/bloco-01-fundamentos/secao-06-introducao-a-javascript-es6-e-testes-unitarios/dia-02-primeiros-passos-em-jest/source/exercicio-05.js","statementMap":{"0":{"start":{"line":1,"column":16},"end":{"line":20,"column":1}},"1":{"start":{"line":2,"column":22},"end":{"line":2,"column":38}},"2":{"start":{"line":3,"column":23},"end":{"line":3,"column":24}},"3":{"start":{"line":5,"column":2},"end":{"line":11,"column":3}},"4":{"start":{"line":5,"column":19},"end":{"line":5,"column":20}},"5":{"start":{"line":6,"column":28},"end":{"line":6,"column":56}},"6":{"start":{"line":8,"column":4},"end":{"line":10,"column":5}},"7":{"start":{"line":9,"column":6},"end":{"line":9,"column":40}},"8":{"start":{"line":13,"column":14},"end":{"line":13,"column":20}},"9":{"start":{"line":15,"column":2},"end":{"line":17,"column":3}},"10":{"start":{"line":16,"column":4},"end":{"line":16,"column":20}},"11":{"start":{"line":19,"column":2},"end":{"line":19,"column":46}},"12":{"start":{"line":22,"column":0},"end":{"line":22,"column":25}}},"fnMap":{"0":{"name":"(anonymous_0)","decl":{"start":{"line":1,"column":16},"end":{"line":1,"column":17}},"loc":{"start":{"line":1,"column":28},"end":{"line":20,"column":1}},"line":1}},"branchMap":{"0":{"loc":{"start":{"line":8,"column":4},"end":{"line":10,"column":5}},"type":"if","locations":[{"start":{"line":8,"column":4},"end":{"line":10,"column":5}},{"start":{},"end":{}}],"line":8},"1":{"loc":{"start":{"line":15,"column":2},"end":{"line":17,"column":3}},"type":"if","locations":[{"start":{"line":15,"column":2},"end":{"line":17,"column":3}},{"start":{},"end":{}}],"line":15}},"s":{"0":1,"1":5,"2":5,"3":5,"4":5,"5":162,"6":162,"7":12,"8":5,"9":5,"10":4,"11":5,"12":1},"f":{"0":5},"b":{"0":[12,150],"1":[4,1]},"_coverageSchema":"1a1c01bbd47fc00a2c39e90264f33305004495a9","hash":"f4fa1275b094b7f53d878d3b30c204943cdf16aa"}
,"/home/gabriel/Área de Trabalho/Workspace/trybe-curso/bloco-01-fundamentos/secao-06-introducao-a-javascript-es6-e-testes-unitarios/dia-03-matchers-e-cobertura-de-codigo/source/exercicio-01.js": {"path":"/home/gabriel/Área de Trabalho/Workspace/trybe-curso/bloco-01-fundamentos/secao-06-introducao-a-javascript-es6-e-testes-unitarios/dia-03-matchers-e-cobertura-de-codigo/source/exercicio-01.js","statementMap":{"0":{"start":{"line":1,"column":19},"end":{"line":20,"column":1}},"1":{"start":{"line":2,"column":2},"end":{"line":4,"column":3}},"2":{"start":{"line":3,"column":4},"end":{"line":3,"column":58}},"3":{"start":{"line":6,"column":2},"end":{"line":8,"column":3}},"4":{"start":{"line":7,"column":4},"end":{"line":7,"column":63}},"5":{"start":{"line":10,"column":2},"end":{"line":12,"column":3}},"6":{"start":{"line":11,"column":4},"end":{"line":11,"column":21}},"7":{"start":{"line":14,"column":2},"end":{"line":19,"column":4}},"8":{"start":{"line":22,"column":0},"end":{"line":22,"column":28}}},"fnMap":{"0":{"name":"(anonymous_0)","decl":{"start":{"line":1,"column":19},"end":{"line":1,"column":20}},"loc":{"start":{"line":1,"column":68},"end":{"line":20,"column":1}},"line":1}},"branchMap":{"0":{"loc":{"start":{"line":2,"column":2},"end":{"line":4,"column":3}},"type":"if","locations":[{"start":{"line":2,"column":2},"end":{"line":4,"column":3}},{"start":{},"end":{}}],"line":2},"1":{"loc":{"start":{"line":6,"column":2},"end":{"line":8,"column":3}},"type":"if","locations":[{"start":{"line":6,"column":2},"end":{"line":8,"column":3}},{"start":{},"end":{}}],"line":6},"2":{"loc":{"start":{"line":10,"column":2},"end":{"line":12,"column":3}},"type":"if","locations":[{"start":{"line":10,"column":2},"end":{"line":12,"column":3}},{"start":{},"end":{}}],"line":10}},"s":{"0":1,"1":6,"2":2,"3":4,"4":2,"5":2,"6":1,"7":2,"8":1},"f":{"0":6},"b":{"0":[2,4],"1":[2,2],"2":[1,1]},"_coverageSchema":"1a1c01bbd47fc00a2c39e90264f33305004495a9","hash":"707703912d8c87029076a099aadd86a990143374"}
,"/home/gabriel/Área de Trabalho/Workspace/trybe-curso/bloco-01-fundamentos/secao-06-introducao-a-javascript-es6-e-testes-unitarios/dia-03-matchers-e-cobertura-de-codigo/source/exercicio-02.js": {"path":"/home/gabriel/Área de Trabalho/Workspace/trybe-curso/bloco-01-fundamentos/secao-06-introducao-a-javascript-es6-e-testes-unitarios/dia-03-matchers-e-cobertura-de-codigo/source/exercicio-02.js","statementMap":{"0":{"start":{"line":2,"column":2},"end":{"line":4,"column":3}},"1":{"start":{"line":3,"column":4},"end":{"line":3,"column":50}},"2":{"start":{"line":6,"column":2},"end":{"line":6,"column":15}},"3":{"start":{"line":9,"column":0},"end":{"line":9,"column":21}}},"fnMap":{"0":{"name":"sum","decl":{"start":{"line":1,"column":9},"end":{"line":1,"column":12}},"loc":{"start":{"line":1,"column":20},"end":{"line":7,"column":1}},"line":1}},"branchMap":{"0":{"loc":{"start":{"line":2,"column":2},"end":{"line":4,"column":3}},"type":"if","locations":[{"start":{"line":2,"column":2},"end":{"line":4,"column":3}},{"start":{},"end":{}}],"line":2},"1":{"loc":{"start":{"line":2,"column":6},"end":{"line":2,"column":52}},"type":"binary-expr","locations":[{"start":{"line":2,"column":6},"end":{"line":2,"column":27}},{"start":{"line":2,"column":31},"end":{"line":2,"column":52}}],"line":2}},"s":{"0":4,"1":2,"2":2,"3":1},"f":{"0":4},"b":{"0":[2,2],"1":[4,4]},"_coverageSchema":"1a1c01bbd47fc00a2c39e90264f33305004495a9","hash":"875f98dd8759b4dc7650d0ac6013ed2633310025"}
,"/home/gabriel/Área de Trabalho/Workspace/trybe-curso/bloco-01-fundamentos/secao-06-introducao-a-javascript-es6-e-testes-unitarios/dia-03-matchers-e-cobertura-de-codigo/source/exercicio-03.js": {"path":"/home/gabriel/Área de Trabalho/Workspace/trybe-curso/bloco-01-fundamentos/secao-06-introducao-a-javascript-es6-e-testes-unitarios/dia-03-matchers-e-cobertura-de-codigo/source/exercicio-03.js","statementMap":{"0":{"start":{"line":1,"column":13},"end":{"line":5,"column":1}},"1":{"start":{"line":7,"column":21},"end":{"line":13,"column":1}},"2":{"start":{"line":8,"column":2},"end":{"line":10,"column":3}},"3":{"start":{"line":9,"column":4},"end":{"line":9,"column":39}},"4":{"start":{"line":12,"column":2},"end":{"line":12,"column":54}},"5":{"start":{"line":15,"column":0},"end":{"line":15,"column":40}}},"fnMap":{"0":{"name":"(anonymous_0)","decl":{"start":{"line":7,"column":21},"end":{"line":7,"column":22}},"loc":{"start":{"line":7,"column":40},"end":{"line":13,"column":1}},"line":7}},"branchMap":{"0":{"loc":{"start":{"line":8,"column":2},"end":{"line":10,"column":3}},"type":"if","locations":[{"start":{"line":8,"column":2},"end":{"line":10,"column":3}},{"start":{},"end":{}}],"line":8},"1":{"loc":{"start":{"line":8,"column":6},"end":{"line":8,"column":62}},"type":"binary-expr","locations":[{"start":{"line":8,"column":6},"end":{"line":8,"column":20}},{"start":{"line":8,"column":24},"end":{"line":8,"column":62}}],"line":8}},"s":{"0":1,"1":1,"2":3,"3":1,"4":2,"5":1},"f":{"0":3},"b":{"0":[1,2],"1":[3,3]},"_coverageSchema":"1a1c01bbd47fc00a2c39e90264f33305004495a9","hash":"087877ee43edf51e7178cce5502dd15d3023f0d6"}
,"/home/gabriel/Área de Trabalho/Workspace/trybe-curso/bloco-01-fundamentos/secao-06-introducao-a-javascript-es6-e-testes-unitarios/dia-03-matchers-e-cobertura-de-codigo/source/exercicio-04.js": {"path":"/home/gabriel/Área de Trabalho/Workspace/trybe-curso/bloco-01-fundamentos/secao-06-introducao-a-javascript-es6-e-testes-unitarios/dia-03-matchers-e-cobertura-de-codigo/source/exercicio-04.js","statementMap":{"0":{"start":{"line":1,"column":26},"end":{"line":38,"column":1}},"1":{"start":{"line":40,"column":23},"end":{"line":60,"column":1}},"2":{"start":{"line":41,"column":17},"end":{"line":41,"column":19}},"3":{"start":{"line":43,"column":2},"end":{"line":49,"column":3}},"4":{"start":{"line":43,"column":19},"end":{"line":43,"column":20}},"5":{"start":{"line":44,"column":28},"end":{"line":44,"column":52}},"6":{"start":{"line":46,"column":4},"end":{"line":48,"column":5}},"7":{"start":{"line":47,"column":6},"end":{"line":47,"column":33}},"8":{"start":{"line":51,"column":2},"end":{"line":53,"column":3}},"9":{"start":{"line":52,"column":4},"end":{"line":52,"column":43}},"10":{"start":{"line":55,"column":2},"end":{"line":57,"column":3}},"11":{"start":{"line":56,"column":4},"end":{"line":56,"column":47}},"12":{"start":{"line":59,"column":2},"end":{"line":59,"column":26}},"13":{"start":{"line":62,"column":0},"end":{"line":62,"column":32}}},"fnMap":{"0":{"name":"(anonymous_0)","decl":{"start":{"line":40,"column":23},"end":{"line":40,"column":24}},"loc":{"start":{"line":40,"column":39},"end":{"line":60,"column":1}},"line":40}},"branchMap":{"0":{"loc":{"start":{"line":46,"column":4},"end":{"line":48,"column":5}},"type":"if","locations":[{"start":{"line":46,"column":4},"end":{"line":48,"column":5}},{"start":{},"end":{}}],"line":46},"1":{"loc":{"start":{"line":51,"column":2},"end":{"line":53,"column":3}},"type":"if","locations":[{"start":{"line":51,"column":2},"end":{"line":53,"column":3}},{"start":{},"end":{}}],"line":51},"2":{"loc":{"start":{"line":55,"column":2},"end":{"line":57,"column":3}},"type":"if","locations":[{"start":{"line":55,"column":2},"end":{"line":57,"column":3}},{"start":{},"end":{}}],"line":55}},"s":{"0":1,"1":1,"2":7,"3":7,"4":7,"5":42,"6":42,"7":4,"8":7,"9":3,"10":4,"11":1,"12":3,"13":1},"f":{"0":7},"b":{"0":[4,38],"1":[3,4],"2":[1,3]},"_coverageSchema":"1a1c01bbd47fc00a2c39e90264f33305004495a9","hash":"ae18909df887327a36886af2e343e4ff59848b57"}
,"/home/gabriel/Área de Trabalho/Workspace/trybe-curso/bloco-05-projetos/secao-01-fundamentos/projeto-05-js-unit-tests/source/script-01.js": {"path":"/home/gabriel/Área de Trabalho/Workspace/trybe-curso/bloco-05-projetos/secao-01-fundamentos/projeto-05-js-unit-tests/source/script-01.js","statementMap":{"0":{"start":{"line":1,"column":16},"end":{"line":17,"column":1}},"1":{"start":{"line":2,"column":2},"end":{"line":4,"column":3}},"2":{"start":{"line":3,"column":4},"end":{"line":3,"column":21}},"3":{"start":{"line":6,"column":12},"end":{"line":6,"column":13}},"4":{"start":{"line":8,"column":2},"end":{"line":14,"column":3}},"5":{"start":{"line":8,"column":19},"end":{"line":8,"column":20}},"6":{"start":{"line":9,"column":4},"end":{"line":11,"column":5}},"7":{"start":{"line":10,"column":6},"end":{"line":10,"column":23}},"8":{"start":{"line":13,"column":4},"end":{"line":13,"column":24}},"9":{"start":{"line":16,"column":2},"end":{"line":16,"column":40}},"10":{"start":{"line":19,"column":0},"end":{"line":19,"column":25}}},"fnMap":{"0":{"name":"(anonymous_0)","decl":{"start":{"line":1,"column":16},"end":{"line":1,"column":17}},"loc":{"start":{"line":1,"column":27},"end":{"line":17,"column":1}},"line":1}},"branchMap":{"0":{"loc":{"start":{"line":2,"column":2},"end":{"line":4,"column":3}},"type":"if","locations":[{"start":{"line":2,"column":2},"end":{"line":4,"column":3}},{"start":{},"end":{}}],"line":2},"1":{"loc":{"start":{"line":9,"column":4},"end":{"line":11,"column":5}},"type":"if","locations":[{"start":{"line":9,"column":4},"end":{"line":11,"column":5}},{"start":{},"end":{}}],"line":9}},"s":{"0":1,"1":12,"2":1,"3":11,"4":11,"5":11,"6":38,"7":4,"8":34,"9":7,"10":1},"f":{"0":12},"b":{"0":[1,11],"1":[4,34]},"_coverageSchema":"1a1c01bbd47fc00a2c39e90264f33305004495a9","hash":"1d26d464ffcd8b08b3b9c252ad775ec2b0d91925"}
,"/home/gabriel/Área de Trabalho/Workspace/trybe-curso/bloco-05-projetos/secao-01-fundamentos/projeto-05-js-unit-tests/source/script-02.js": {"path":"/home/gabriel/Área de Trabalho/Workspace/trybe-curso/bloco-05-projetos/secao-01-fundamentos/projeto-05-js-unit-tests/source/script-02.js","statementMap":{"0":{"start":{"line":1,"column":15},"end":{"line":11,"column":1}},"1":{"start":{"line":2,"column":13},"end":{"line":2,"column":17}},"2":{"start":{"line":4,"column":2},"end":{"line":4,"column":66}},"3":{"start":{"line":4,"column":47},"end":{"line":4,"column":64}},"4":{"start":{"line":6,"column":2},"end":{"line":10,"column":4}},"5":{"start":{"line":13,"column":0},"end":{"line":13,"column":24}}},"fnMap":{"0":{"name":"(anonymous_0)","decl":{"start":{"line":1,"column":15},"end":{"line":1,"column":16}},"loc":{"start":{"line":1,"column":27},"end":{"line":11,"column":1}},"line":1}},"branchMap":{"0":{"loc":{"start":{"line":4,"column":2},"end":{"line":4,"column":66}},"type":"if","locations":[{"start":{"line":4,"column":2},"end":{"line":4,"column":66}},{"start":{},"end":{}}],"line":4},"1":{"loc":{"start":{"line":4,"column":6},"end":{"line":4,"column":43}},"type":"binary-expr","locations":[{"start":{"line":4,"column":6},"end":{"line":4,"column":13}},{"start":{"line":4,"column":17},"end":{"line":4,"column":43}}],"line":4}},"s":{"0":1,"1":7,"2":7,"3":2,"4":5,"5":1},"f":{"0":7},"b":{"0":[2,5],"1":[7,6]},"_coverageSchema":"1a1c01bbd47fc00a2c39e90264f33305004495a9","hash":"f890f3b6d782fd76912b2d191972e670ddec1886"}
,"/home/gabriel/Área de Trabalho/Workspace/trybe-curso/bloco-05-projetos/secao-01-fundamentos/projeto-05-js-unit-tests/source/script-03.js": {"path":"/home/gabriel/Área de Trabalho/Workspace/trybe-curso/bloco-05-projetos/secao-01-fundamentos/projeto-05-js-unit-tests/source/script-03.js","statementMap":{"0":{"start":{"line":1,"column":22},"end":{"line":8,"column":1}},"1":{"start":{"line":2,"column":17},"end":{"line":5,"column":3}},"2":{"start":{"line":4,"column":20},"end":{"line":4,"column":38}},"3":{"start":{"line":7,"column":2},"end":{"line":7,"column":16}},"4":{"start":{"line":10,"column":0},"end":{"line":10,"column":31}}},"fnMap":{"0":{"name":"(anonymous_0)","decl":{"start":{"line":1,"column":22},"end":{"line":1,"column":23}},"loc":{"start":{"line":1,"column":36},"end":{"line":8,"column":1}},"line":1},"1":{"name":"(anonymous_1)","decl":{"start":{"line":4,"column":14},"end":{"line":4,"column":15}},"loc":{"start":{"line":4,"column":20},"end":{"line":4,"column":38}},"line":4}},"branchMap":{},"s":{"0":1,"1":3,"2":3,"3":3,"4":1},"f":{"0":3,"1":3},"b":{},"_coverageSchema":"1a1c01bbd47fc00a2c39e90264f33305004495a9","hash":"09a27c9531dde371353fe628830ffeb01d6110f0"}
,"/home/gabriel/Área de Trabalho/Workspace/trybe-curso/bloco-05-projetos/secao-01-fundamentos/projeto-05-js-unit-tests/source/script-04.js": {"path":"/home/gabriel/Área de Trabalho/Workspace/trybe-curso/bloco-05-projetos/secao-01-fundamentos/projeto-05-js-unit-tests/source/script-04.js","statementMap":{"0":{"start":{"line":1,"column":19},"end":{"line":17,"column":1}},"1":{"start":{"line":19,"column":21},"end":{"line":31,"column":1}},"2":{"start":{"line":20,"column":2},"end":{"line":22,"column":3}},"3":{"start":{"line":21,"column":4},"end":{"line":21,"column":21}},"4":{"start":{"line":24,"column":18},"end":{"line":24,"column":36}},"5":{"start":{"line":26,"column":2},"end":{"line":28,"column":3}},"6":{"start":{"line":27,"column":4},"end":{"line":27,"column":31}},"7":{"start":{"line":30,"column":2},"end":{"line":30,"column":19}},"8":{"start":{"line":33,"column":0},"end":{"line":33,"column":30}}},"fnMap":{"0":{"name":"(anonymous_0)","decl":{"start":{"line":19,"column":21},"end":{"line":19,"column":22}},"loc":{"start":{"line":19,"column":31},"end":{"line":31,"column":1}},"line":19}},"branchMap":{"0":{"loc":{"start":{"line":20,"column":2},"end":{"line":22,"column":3}},"type":"if","locations":[{"start":{"line":20,"column":2},"end":{"line":22,"column":3}},{"start":{},"end":{}}],"line":20},"1":{"loc":{"start":{"line":26,"column":2},"end":{"line":28,"column":3}},"type":"if","locations":[{"start":{"line":26,"column":2},"end":{"line":28,"column":3}},{"start":{},"end":{}}],"line":26}},"s":{"0":1,"1":1,"2":6,"3":1,"4":5,"5":5,"6":4,"7":1,"8":1},"f":{"0":6},"b":{"0":[1,5],"1":[4,1]},"_coverageSchema":"1a1c01bbd47fc00a2c39e90264f33305004495a9","hash":"eb2051ffd8486e99d01cb70b0edd96606ab0d988"}
,"/home/gabriel/Área de Trabalho/Workspace/trybe-curso/bloco-05-projetos/secao-01-fundamentos/projeto-05-js-unit-tests/source/script-05.js": {"path":"/home/gabriel/Área de Trabalho/Workspace/trybe-curso/bloco-05-projetos/secao-01-fundamentos/projeto-05-js-unit-tests/source/script-05.js","statementMap":{"0":{"start":{"line":1,"column":18},"end":{"line":13,"column":1}},"1":{"start":{"line":2,"column":18},"end":{"line":2,"column":20}},"2":{"start":{"line":4,"column":2},"end":{"line":10,"column":3}},"3":{"start":{"line":4,"column":22},"end":{"line":4,"column":23}},"4":{"start":{"line":5,"column":4},"end":{"line":5,"column":27}},"5":{"start":{"line":7,"column":4},"end":{"line":9,"column":5}},"6":{"start":{"line":7,"column":24},"end":{"line":7,"column":25}},"7":{"start":{"line":8,"column":6},"end":{"line":8,"column":29}},"8":{"start":{"line":12,"column":2},"end":{"line":12,"column":17}},"9":{"start":{"line":15,"column":0},"end":{"line":15,"column":27}}},"fnMap":{"0":{"name":"(anonymous_0)","decl":{"start":{"line":1,"column":18},"end":{"line":1,"column":19}},"loc":{"start":{"line":1,"column":24},"end":{"line":13,"column":1}},"line":1}},"branchMap":{},"s":{"0":1,"1":1,"2":1,"3":1,"4":4,"5":4,"6":4,"7":8,"8":1,"9":1},"f":{"0":1},"b":{},"_coverageSchema":"1a1c01bbd47fc00a2c39e90264f33305004495a9","hash":"947e7eae1db96eb34adeafbea2b7734040153698"}
,"/home/gabriel/Área de Trabalho/Workspace/trybe-curso/bloco-05-projetos/secao-01-fundamentos/projeto-05-js-unit-tests/source/script-06.js": {"path":"/home/gabriel/Área de Trabalho/Workspace/trybe-curso/bloco-05-projetos/secao-01-fundamentos/projeto-05-js-unit-tests/source/script-06.js","statementMap":{"0":{"start":{"line":1,"column":16},"end":{"line":9,"column":1}},"1":{"start":{"line":2,"column":2},"end":{"line":6,"column":3}},"2":{"start":{"line":2,"column":15},"end":{"line":2,"column":16}},"3":{"start":{"line":3,"column":4},"end":{"line":5,"column":5}},"4":{"start":{"line":4,"column":6},"end":{"line":4,"column":19}},"5":{"start":{"line":8,"column":2},"end":{"line":8,"column":14}},"6":{"start":{"line":11,"column":0},"end":{"line":11,"column":25}}},"fnMap":{"0":{"name":"(anonymous_0)","decl":{"start":{"line":1,"column":16},"end":{"line":1,"column":17}},"loc":{"start":{"line":1,"column":29},"end":{"line":9,"column":1}},"line":1}},"branchMap":{"0":{"loc":{"start":{"line":3,"column":4},"end":{"line":5,"column":5}},"type":"if","locations":[{"start":{"line":3,"column":4},"end":{"line":5,"column":5}},{"start":{},"end":{}}],"line":3}},"s":{"0":1,"1":4,"2":4,"3":11,"4":3,"5":1,"6":1},"f":{"0":4},"b":{"0":[3,8]},"_coverageSchema":"1a1c01bbd47fc00a2c39e90264f33305004495a9","hash":"003e493a27d51757ed4d63a8ba197fe4246eb671"}
,"/home/gabriel/Área de Trabalho/Workspace/trybe-curso/bloco-05-projetos/secao-01-fundamentos/projeto-05-js-unit-tests/source/script-07.js": {"path":"/home/gabriel/Área de Trabalho/Workspace/trybe-curso/bloco-05-projetos/secao-01-fundamentos/projeto-05-js-unit-tests/source/script-07.js","statementMap":{"0":{"start":{"line":1,"column":19},"end":{"line":10,"column":1}},"1":{"start":{"line":2,"column":17},"end":{"line":7,"column":3}},"2":{"start":{"line":9,"column":2},"end":{"line":9,"column":16}},"3":{"start":{"line":12,"column":23},"end":{"line":26,"column":1}},"4":{"start":{"line":13,"column":2},"end":{"line":25,"column":3}},"5":{"start":{"line":15,"column":6},"end":{"line":15,"column":33}},"6":{"start":{"line":18,"column":6},"end":{"line":18,"column":35}},"7":{"start":{"line":21,"column":6},"end":{"line":21,"column":36}},"8":{"start":{"line":24,"column":6},"end":{"line":24,"column":23}},"9":{"start":{"line":28,"column":0},"end":{"line":28,"column":48}}},"fnMap":{"0":{"name":"(anonymous_0)","decl":{"start":{"line":1,"column":19},"end":{"line":1,"column":20}},"loc":{"start":{"line":1,"column":41},"end":{"line":10,"column":1}},"line":1},"1":{"name":"(anonymous_1)","decl":{"start":{"line":12,"column":23},"end":{"line":12,"column":24}},"loc":{"start":{"line":12,"column":41},"end":{"line":26,"column":1}},"line":12}},"branchMap":{"0":{"loc":{"start":{"line":13,"column":2},"end":{"line":25,"column":3}},"type":"switch","locations":[{"start":{"line":14,"column":4},"end":{"line":15,"column":33}},{"start":{"line":17,"column":4},"end":{"line":18,"column":35}},{"start":{"line":20,"column":4},"end":{"line":21,"column":36}},{"start":{"line":23,"column":4},"end":{"line":24,"column":23}}],"line":13}},"s":{"0":1,"1":7,"2":7,"3":1,"4":7,"5":2,"6":2,"7":3,"8":0,"9":1},"f":{"0":7,"1":7},"b":{"0":[2,2,3,0]},"_coverageSchema":"1a1c01bbd47fc00a2c39e90264f33305004495a9","hash":"4e792cffbf937689570ccdafbb1a4989f7efff9b"}
,"/home/gabriel/Área de Trabalho/Workspace/trybe-curso/bloco-05-projetos/secao-01-fundamentos/projeto-05-js-unit-tests/source/script-08.js": {"path":"/home/gabriel/Área de Trabalho/Workspace/trybe-curso/bloco-05-projetos/secao-01-fundamentos/projeto-05-js-unit-tests/source/script-08.js","statementMap":{"0":{"start":{"line":1,"column":23},"end":{"line":14,"column":1}},"1":{"start":{"line":1,"column":56},"end":{"line":14,"column":1}},"2":{"start":{"line":16,"column":0},"end":{"line":16,"column":32}}},"fnMap":{"0":{"name":"(anonymous_0)","decl":{"start":{"line":1,"column":23},"end":{"line":1,"column":24}},"loc":{"start":{"line":1,"column":56},"end":{"line":14,"column":1}},"line":1}},"branchMap":{},"s":{"0":1,"1":6,"2":1},"f":{"0":6},"b":{},"_coverageSchema":"1a1c01bbd47fc00a2c39e90264f33305004495a9","hash":"42e2efdf49ee5b9b65e365cc69eabeb93ff69297"}
,"/home/gabriel/Área de Trabalho/Workspace/trybe-curso/bloco-05-projetos/secao-01-fundamentos/projeto-05-js-unit-tests/source/script-09.js": {"path":"/home/gabriel/Área de Trabalho/Workspace/trybe-curso/bloco-05-projetos/secao-01-fundamentos/projeto-05-js-unit-tests/source/script-09.js","statementMap":{"0":{"start":{"line":1,"column":19},"end":{"line":31,"column":1}},"1":{"start":{"line":2,"column":15},"end":{"line":28,"column":3}},"2":{"start":{"line":3,"column":21},"end":{"line":3,"column":27}},"3":{"start":{"line":6,"column":6},"end":{"line":11,"column":7}},"4":{"start":{"line":7,"column":8},"end":{"line":10,"column":9}},"5":{"start":{"line":8,"column":10},"end":{"line":8,"column":40}},"6":{"start":{"line":9,"column":10},"end":{"line":9,"column":34}},"7":{"start":{"line":13,"column":6},"end":{"line":13,"column":33}},"8":{"start":{"line":16,"column":17},"end":{"line":16,"column":18}},"9":{"start":{"line":18,"column":6},"end":{"line":24,"column":9}},"10":{"start":{"line":19,"column":8},"end":{"line":23,"column":9}},"11":{"start":{"line":20,"column":10},"end":{"line":22,"column":11}},"12":{"start":{"line":21,"column":12},"end":{"line":21,"column":41}},"13":{"start":{"line":26,"column":6},"end":{"line":26,"column":34}},"14":{"start":{"line":30,"column":2},"end":{"line":30,"column":14}},"15":{"start":{"line":33,"column":0},"end":{"line":33,"column":28}}},"fnMap":{"0":{"name":"(anonymous_0)","decl":{"start":{"line":1,"column":19},"end":{"line":1,"column":20}},"loc":{"start":{"line":1,"column":31},"end":{"line":31,"column":1}},"line":1},"1":{"name":"(anonymous_1)","decl":{"start":{"line":3,"column":15},"end":{"line":3,"column":16}},"loc":{"start":{"line":3,"column":21},"end":{"line":3,"column":27}},"line":3},"2":{"name":"(anonymous_2)","decl":{"start":{"line":5,"column":11},"end":{"line":5,"column":12}},"loc":{"start":{"line":5,"column":23},"end":{"line":14,"column":5}},"line":5},"3":{"name":"(anonymous_3)","decl":{"start":{"line":15,"column":9},"end":{"line":15,"column":10}},"loc":{"start":{"line":15,"column":15},"end":{"line":27,"column":5}},"line":15},"4":{"name":"(anonymous_4)","decl":{"start":{"line":18,"column":31},"end":{"line":18,"column":32}},"loc":{"start":{"line":18,"column":44},"end":{"line":24,"column":7}},"line":18}},"branchMap":{"0":{"loc":{"start":{"line":7,"column":8},"end":{"line":10,"column":9}},"type":"if","locations":[{"start":{"line":7,"column":8},"end":{"line":10,"column":9}},{"start":{},"end":{}}],"line":7},"1":{"loc":{"start":{"line":20,"column":10},"end":{"line":22,"column":11}},"type":"if","locations":[{"start":{"line":20,"column":10},"end":{"line":22,"column":11}},{"start":{},"end":{}}],"line":20}},"s":{"0":1,"1":6,"2":2,"3":6,"4":10,"5":5,"6":5,"7":1,"8":1,"9":1,"10":5,"11":10,"12":5,"13":1,"14":6,"15":1},"f":{"0":6,"1":2,"2":6,"3":1,"4":5},"b":{"0":[5,5],"1":[5,5]},"_coverageSchema":"1a1c01bbd47fc00a2c39e90264f33305004495a9","hash":"d998b2e8559d9a649193014a693ddb389aa56ade"}
,"/home/gabriel/Área de Trabalho/Workspace/trybe-curso/bloco-05-projetos/secao-01-fundamentos/projeto-05-js-unit-tests/source/script-10.js": {"path":"/home/gabriel/Área de Trabalho/Workspace/trybe-curso/bloco-05-projetos/secao-01-fundamentos/projeto-05-js-unit-tests/source/script-10.js","statementMap":{"0":{"start":{"line":1,"column":12},"end":{"line":12,"column":1}},"1":{"start":{"line":2,"column":2},"end":{"line":4,"column":3}},"2":{"start":{"line":3,"column":4},"end":{"line":3,"column":21}},"3":{"start":{"line":6,"column":16},"end":{"line":6,"column":43}},"4":{"start":{"line":7,"column":16},"end":{"line":7,"column":38}},"5":{"start":{"line":8,"column":16},"end":{"line":8,"column":67}},"6":{"start":{"line":9,"column":16},"end":{"line":9,"column":23}},"7":{"start":{"line":11,"column":2},"end":{"line":11,"column":39}},"8":{"start":{"line":14,"column":0},"end":{"line":14,"column":21}}},"fnMap":{"0":{"name":"(anonymous_0)","decl":{"start":{"line":1,"column":12},"end":{"line":1,"column":13}},"loc":{"start":{"line":1,"column":27},"end":{"line":12,"column":1}},"line":1}},"branchMap":{"0":{"loc":{"start":{"line":2,"column":2},"end":{"line":4,"column":3}},"type":"if","locations":[{"start":{"line":2,"column":2},"end":{"line":4,"column":3}},{"start":{},"end":{}}],"line":2},"1":{"loc":{"start":{"line":2,"column":6},"end":{"line":2,"column":19}},"type":"binary-expr","locations":[{"start":{"line":2,"column":6},"end":{"line":2,"column":11}},{"start":{"line":2,"column":15},"end":{"line":2,"column":19}}],"line":2}},"s":{"0":1,"1":5,"2":1,"3":4,"4":4,"5":4,"6":4,"7":4,"8":1},"f":{"0":5},"b":{"0":[1,4],"1":[5,4]},"_coverageSchema":"1a1c01bbd47fc00a2c39e90264f33305004495a9","hash":"f34f0ec8ec02bfbff0df927a19dd01420f22a4d8"}
,"/home/gabriel/Área de Trabalho/Workspace/trybe-curso/bloco-05-projetos/secao-01-fundamentos/projeto-06-js-zoo-functions/data/script.js": {"path":"/home/gabriel/Área de Trabalho/Workspace/trybe-curso/bloco-05-projetos/secao-01-fundamentos/projeto-06-js-zoo-functions/data/script.js","statementMap":{"0":{"start":{"line":1,"column":15},"end":{"line":1,"column":53}},"1":{"start":{"line":2,"column":17},"end":{"line":2,"column":55}},"2":{"start":{"line":3,"column":20},"end":{"line":3,"column":58}},"3":{"start":{"line":4,"column":17},"end":{"line":4,"column":55}},"4":{"start":{"line":5,"column":16},"end":{"line":5,"column":54}},"5":{"start":{"line":6,"column":16},"end":{"line":6,"column":54}},"6":{"start":{"line":7,"column":17},"end":{"line":7,"column":55}},"7":{"start":{"line":8,"column":20},"end":{"line":8,"column":58}},"8":{"start":{"line":9,"column":14},"end":{"line":9,"column":52}},"9":{"start":{"line":10,"column":15},"end":{"line":10,"column":53}},"10":{"start":{"line":12,"column":0},"end":{"line":342,"column":2}}},"fnMap":{},"branchMap":{},"s":{"0":12,"1":12,"2":12,"3":12,"4":12,"5":12,"6":12,"7":12,"8":12,"9":12,"10":12},"f":{},"b":{},"_coverageSchema":"1a1c01bbd47fc00a2c39e90264f33305004495a9","hash":"517bd5144661f935ae2c1df523ed82d68d974427"}
,"/home/gabriel/Área de Trabalho/Workspace/trybe-curso/bloco-05-projetos/secao-01-fundamentos/projeto-06-js-zoo-functions/source/script-01.js": {"path":"/home/gabriel/Área de Trabalho/Workspace/trybe-curso/bloco-05-projetos/secao-01-fundamentos/projeto-06-js-zoo-functions/source/script-01.js","statementMap":{"0":{"start":{"line":1,"column":20},"end":{"line":1,"column":45}},"1":{"start":{"line":3,"column":24},"end":{"line":4,"column":39}},"2":{"start":{"line":3,"column":36},"end":{"line":4,"column":39}},"3":{"start":{"line":4,"column":22},"end":{"line":4,"column":38}},"4":{"start":{"line":6,"column":0},"end":{"line":6,"column":33}}},"fnMap":{"0":{"name":"(anonymous_0)","decl":{"start":{"line":3,"column":24},"end":{"line":3,"column":25}},"loc":{"start":{"line":3,"column":36},"end":{"line":4,"column":39}},"line":3},"1":{"name":"(anonymous_1)","decl":{"start":{"line":4,"column":10},"end":{"line":4,"column":11}},"loc":{"start":{"line":4,"column":22},"end":{"line":4,"column":38}},"line":4}},"branchMap":{},"s":{"0":1,"1":1,"2":4,"3":36,"4":1},"f":{"0":4,"1":36},"b":{},"_coverageSchema":"1a1c01bbd47fc00a2c39e90264f33305004495a9","hash":"1f5e378a022908717d2ee6acdfaca9635aec4403"}
,"/home/gabriel/Área de Trabalho/Workspace/trybe-curso/bloco-05-projetos/secao-01-fundamentos/projeto-06-js-zoo-functions/source/script-02.js": {"path":"/home/gabriel/Área de Trabalho/Workspace/trybe-curso/bloco-05-projetos/secao-01-fundamentos/projeto-06-js-zoo-functions/source/script-02.js","statementMap":{"0":{"start":{"line":1,"column":20},"end":{"line":1,"column":45}},"1":{"start":{"line":3,"column":28},"end":{"line":5,"column":54}},"2":{"start":{"line":3,"column":45},"end":{"line":5,"column":54}},"3":{"start":{"line":4,"column":22},"end":{"line":4,"column":37}},"4":{"start":{"line":5,"column":35},"end":{"line":5,"column":53}},"5":{"start":{"line":7,"column":0},"end":{"line":7,"column":37}}},"fnMap":{"0":{"name":"(anonymous_0)","decl":{"start":{"line":3,"column":28},"end":{"line":3,"column":29}},"loc":{"start":{"line":3,"column":45},"end":{"line":5,"column":54}},"line":3},"1":{"name":"(anonymous_1)","decl":{"start":{"line":4,"column":8},"end":{"line":4,"column":9}},"loc":{"start":{"line":4,"column":22},"end":{"line":4,"column":37}},"line":4},"2":{"name":"(anonymous_2)","decl":{"start":{"line":5,"column":9},"end":{"line":5,"column":10}},"loc":{"start":{"line":5,"column":35},"end":{"line":5,"column":53}},"line":5}},"branchMap":{},"s":{"0":1,"1":1,"2":2,"3":9,"4":7,"5":1},"f":{"0":2,"1":9,"2":7},"b":{},"_coverageSchema":"1a1c01bbd47fc00a2c39e90264f33305004495a9","hash":"aca689ba8cf0a1c682f8c1c894b6365e99c8d1d9"}
,"/home/gabriel/Área de Trabalho/Workspace/trybe-curso/bloco-05-projetos/secao-01-fundamentos/projeto-06-js-zoo-functions/source/script-03.js": {"path":"/home/gabriel/Área de Trabalho/Workspace/trybe-curso/bloco-05-projetos/secao-01-fundamentos/projeto-06-js-zoo-functions/source/script-03.js","statementMap":{"0":{"start":{"line":1,"column":22},"end":{"line":1,"column":47}},"1":{"start":{"line":3,"column":26},"end":{"line":10,"column":1}},"2":{"start":{"line":4,"column":2},"end":{"line":6,"column":3}},"3":{"start":{"line":5,"column":4},"end":{"line":5,"column":14}},"4":{"start":{"line":8,"column":2},"end":{"line":9,"column":99}},"5":{"start":{"line":9,"column":24},"end":{"line":9,"column":97}},"6":{"start":{"line":12,"column":0},"end":{"line":12,"column":35}}},"fnMap":{"0":{"name":"(anonymous_0)","decl":{"start":{"line":3,"column":26},"end":{"line":3,"column":27}},"loc":{"start":{"line":3,"column":44},"end":{"line":10,"column":1}},"line":3},"1":{"name":"(anonymous_1)","decl":{"start":{"line":9,"column":10},"end":{"line":9,"column":11}},"loc":{"start":{"line":9,"column":24},"end":{"line":9,"column":97}},"line":9}},"branchMap":{"0":{"loc":{"start":{"line":4,"column":2},"end":{"line":6,"column":3}},"type":"if","locations":[{"start":{"line":4,"column":2},"end":{"line":6,"column":3}},{"start":{},"end":{}}],"line":4},"1":{"loc":{"start":{"line":9,"column":24},"end":{"line":9,"column":97}},"type":"binary-expr","locations":[{"start":{"line":9,"column":24},"end":{"line":9,"column":59}},{"start":{"line":9,"column":63},"end":{"line":9,"column":97}}],"line":9}},"s":{"0":1,"1":1,"2":3,"3":1,"4":2,"5":12,"6":1},"f":{"0":3,"1":12},"b":{"0":[1,2],"1":[12,11]},"_coverageSchema":"1a1c01bbd47fc00a2c39e90264f33305004495a9","hash":"66c5e2db1b169ca6601156b897f1edc3976fe9d8"}
,"/home/gabriel/Área de Trabalho/Workspace/trybe-curso/bloco-05-projetos/secao-01-fundamentos/projeto-06-js-zoo-functions/source/script-04.js": {"path":"/home/gabriel/Área de Trabalho/Workspace/trybe-curso/bloco-05-projetos/secao-01-fundamentos/projeto-06-js-zoo-functions/source/script-04.js","statementMap":{"0":{"start":{"line":1,"column":22},"end":{"line":1,"column":47}},"1":{"start":{"line":3,"column":18},"end":{"line":4,"column":48}},"2":{"start":{"line":3,"column":26},"end":{"line":4,"column":48}},"3":{"start":{"line":4,"column":26},"end":{"line":4,"column":47}},"4":{"start":{"line":6,"column":28},"end":{"line":14,"column":1}},"5":{"start":{"line":7,"column":2},"end":{"line":9,"column":3}},"6":{"start":{"line":8,"column":4},"end":{"line":8,"column":79}},"7":{"start":{"line":11,"column":2},"end":{"line":13,"column":66}},"8":{"start":{"line":12,"column":30},"end":{"line":12,"column":58}},"9":{"start":{"line":13,"column":38},"end":{"line":13,"column":64}},"10":{"start":{"line":16,"column":0},"end":{"line":16,"column":52}}},"fnMap":{"0":{"name":"(anonymous_0)","decl":{"start":{"line":3,"column":18},"end":{"line":3,"column":19}},"loc":{"start":{"line":3,"column":26},"end":{"line":4,"column":48}},"line":3},"1":{"name":"(anonymous_1)","decl":{"start":{"line":4,"column":8},"end":{"line":4,"column":9}},"loc":{"start":{"line":4,"column":26},"end":{"line":4,"column":47}},"line":4},"2":{"name":"(anonymous_2)","decl":{"start":{"line":6,"column":28},"end":{"line":6,"column":29}},"loc":{"start":{"line":6,"column":43},"end":{"line":14,"column":1}},"line":6},"3":{"name":"(anonymous_3)","decl":{"start":{"line":12,"column":12},"end":{"line":12,"column":13}},"loc":{"start":{"line":12,"column":30},"end":{"line":12,"column":58}},"line":12},"4":{"name":"(anonymous_4)","decl":{"start":{"line":13,"column":9},"end":{"line":13,"column":10}},"loc":{"start":{"line":13,"column":38},"end":{"line":13,"column":64}},"line":13}},"branchMap":{"0":{"loc":{"start":{"line":7,"column":2},"end":{"line":9,"column":3}},"type":"if","locations":[{"start":{"line":7,"column":2},"end":{"line":9,"column":3}},{"start":{},"end":{}}],"line":7}},"s":{"0":1,"1":1,"2":6,"3":22,"4":1,"5":2,"6":1,"7":1,"8":8,"9":3,"10":1},"f":{"0":6,"1":22,"2":2,"3":8,"4":3},"b":{"0":[1,1]},"_coverageSchema":"1a1c01bbd47fc00a2c39e90264f33305004495a9","hash":"2cd1de0dd9539b73fa002dbc16417299fe5bb2b1"}
,"/home/gabriel/Área de Trabalho/Workspace/trybe-curso/bloco-05-projetos/secao-01-fundamentos/projeto-06-js-zoo-functions/source/script-05.js": {"path":"/home/gabriel/Área de Trabalho/Workspace/trybe-curso/bloco-05-projetos/secao-01-fundamentos/projeto-06-js-zoo-functions/source/script-05.js","statementMap":{"0":{"start":{"line":1,"column":20},"end":{"line":1,"column":45}},"1":{"start":{"line":3,"column":21},"end":{"line":21,"column":1}},"2":{"start":{"line":4,"column":2},"end":{"line":10,"column":3}},"3":{"start":{"line":5,"column":4},"end":{"line":9,"column":13}},"4":{"start":{"line":7,"column":8},"end":{"line":7,"column":45}},"5":{"start":{"line":8,"column":8},"end":{"line":8,"column":27}},"6":{"start":{"line":12,"column":24},"end":{"line":13,"column":48}},"7":{"start":{"line":13,"column":24},"end":{"line":13,"column":47}},"8":{"start":{"line":15,"column":2},"end":{"line":18,"column":3}},"9":{"start":{"line":16,"column":4},"end":{"line":17,"column":54}},"10":{"start":{"line":17,"column":27},"end":{"line":17,"column":45}},"11":{"start":{"line":20,"column":2},"end":{"line":20,"column":26}},"12":{"start":{"line":23,"column":0},"end":{"line":23,"column":30}}},"fnMap":{"0":{"name":"(anonymous_0)","decl":{"start":{"line":3,"column":21},"end":{"line":3,"column":22}},"loc":{"start":{"line":3,"column":33},"end":{"line":21,"column":1}},"line":3},"1":{"name":"(anonymous_1)","decl":{"start":{"line":6,"column":14},"end":{"line":6,"column":15}},"loc":{"start":{"line":6,"column":52},"end":{"line":9,"column":7}},"line":6},"2":{"name":"(anonymous_2)","decl":{"start":{"line":13,"column":10},"end":{"line":13,"column":11}},"loc":{"start":{"line":13,"column":24},"end":{"line":13,"column":47}},"line":13},"3":{"name":"(anonymous_3)","decl":{"start":{"line":17,"column":14},"end":{"line":17,"column":15}},"loc":{"start":{"line":17,"column":27},"end":{"line":17,"column":45}},"line":17}},"branchMap":{"0":{"loc":{"start":{"line":4,"column":2},"end":{"line":10,"column":3}},"type":"if","locations":[{"start":{"line":4,"column":2},"end":{"line":10,"column":3}},{"start":{},"end":{}}],"line":4},"1":{"loc":{"start":{"line":15,"column":2},"end":{"line":18,"column":3}},"type":"if","locations":[{"start":{"line":15,"column":2},"end":{"line":18,"column":3}},{"start":{},"end":{}}],"line":15}},"s":{"0":1,"1":1,"2":5,"3":1,"4":9,"5":9,"6":4,"7":24,"8":4,"9":2,"10":7,"11":2,"12":1},"f":{"0":5,"1":9,"2":24,"3":7},"b":{"0":[1,4],"1":[2,2]},"_coverageSchema":"1a1c01bbd47fc00a2c39e90264f33305004495a9","hash":"b444736e4df44013d1aa027186adf3484f3cae17"}
,"/home/gabriel/Área de Trabalho/Workspace/trybe-curso/bloco-05-projetos/secao-01-fundamentos/projeto-06-js-zoo-functions/source/script-06.js": {"path":"/home/gabriel/Área de Trabalho/Workspace/trybe-curso/bloco-05-projetos/secao-01-fundamentos/projeto-06-js-zoo-functions/source/script-06.js","statementMap":{"0":{"start":{"line":1,"column":20},"end":{"line":1,"column":45}},"1":{"start":{"line":3,"column":21},"end":{"line":4,"column":43}},"2":{"start":{"line":3,"column":27},"end":{"line":4,"column":43}},"3":{"start":{"line":4,"column":22},"end":{"line":4,"column":42}},"4":{"start":{"line":6,"column":19},"end":{"line":7,"column":76}},"5":{"start":{"line":6,"column":38},"end":{"line":7,"column":76}},"6":{"start":{"line":7,"column":36},"end":{"line":7,"column":53}},"7":{"start":{"line":9,"column":20},"end":{"line":24,"column":1}},"8":{"start":{"line":10,"column":2},"end":{"line":23,"column":3}},"9":{"start":{"line":12,"column":6},"end":{"line":12,"column":40}},"10":{"start":{"line":15,"column":6},"end":{"line":16,"column":33}},"11":{"start":{"line":16,"column":27},"end":{"line":16,"column":31}},"12":{"start":{"line":19,"column":6},"end":{"line":19,"column":35}},"13":{"start":{"line":22,"column":6},"end":{"line":22,"column":18}},"14":{"start":{"line":26,"column":25},"end":{"line":42,"column":1}},"15":{"start":{"line":27,"column":2},"end":{"line":29,"column":3}},"16":{"start":{"line":28,"column":4},"end":{"line":28,"column":21}},"17":{"start":{"line":31,"column":2},"end":{"line":33,"column":3}},"18":{"start":{"line":32,"column":4},"end":{"line":32,"column":57}},"19":{"start":{"line":35,"column":20},"end":{"line":35,"column":34}},"20":{"start":{"line":37,"column":2},"end":{"line":39,"column":3}},"21":{"start":{"line":38,"column":4},"end":{"line":38,"column":28}},"22":{"start":{"line":41,"column":2},"end":{"line":41,"column":39}},"23":{"start":{"line":44,"column":0},"end":{"line":44,"column":34}}},"fnMap":{"0":{"name":"(anonymous_0)","decl":{"start":{"line":3,"column":21},"end":{"line":3,"column":22}},"loc":{"start":{"line":3,"column":27},"end":{"line":4,"column":43}},"line":3},"1":{"name":"(anonymous_1)","decl":{"start":{"line":4,"column":8},"end":{"line":4,"column":9}},"loc":{"start":{"line":4,"column":22},"end":{"line":4,"column":42}},"line":4},"2":{"name":"(anonymous_2)","decl":{"start":{"line":6,"column":19},"end":{"line":6,"column":20}},"loc":{"start":{"line":6,"column":38},"end":{"line":7,"column":76}},"line":6},"3":{"name":"(anonymous_3)","decl":{"start":{"line":7,"column":10},"end":{"line":7,"column":11}},"loc":{"start":{"line":7,"column":36},"end":{"line":7,"column":53}},"line":7},"4":{"name":"(anonymous_4)","decl":{"start":{"line":9,"column":20},"end":{"line":9,"column":21}},"loc":{"start":{"line":9,"column":42},"end":{"line":24,"column":1}},"line":9},"5":{"name":"(anonymous_5)","decl":{"start":{"line":16,"column":13},"end":{"line":16,"column":14}},"loc":{"start":{"line":16,"column":27},"end":{"line":16,"column":31}},"line":16},"6":{"name":"(anonymous_6)","decl":{"start":{"line":26,"column":25},"end":{"line":26,"column":26}},"loc":{"start":{"line":26,"column":36},"end":{"line":42,"column":1}},"line":26}},"branchMap":{"0":{"loc":{"start":{"line":10,"column":2},"end":{"line":23,"column":3}},"type":"switch","locations":[{"start":{"line":11,"column":4},"end":{"line":12,"column":40}},{"start":{"line":14,"column":4},"end":{"line":16,"column":33}},{"start":{"line":18,"column":4},"end":{"line":19,"column":35}},{"start":{"line":21,"column":4},"end":{"line":22,"column":18}}],"line":10},"1":{"loc":{"start":{"line":27,"column":2},"end":{"line":29,"column":3}},"type":"if","locations":[{"start":{"line":27,"column":2},"end":{"line":29,"column":3}},{"start":{},"end":{}}],"line":27},"2":{"loc":{"start":{"line":31,"column":2},"end":{"line":33,"column":3}},"type":"if","locations":[{"start":{"line":31,"column":2},"end":{"line":33,"column":3}},{"start":{},"end":{}}],"line":31},"3":{"loc":{"start":{"line":37,"column":2},"end":{"line":39,"column":3}},"type":"if","locations":[{"start":{"line":37,"column":2},"end":{"line":39,"column":3}},{"start":{},"end":{}}],"line":37}},"s":{"0":1,"1":1,"2":7,"3":56,"4":1,"5":1,"6":4,"7":1,"8":4,"9":1,"10":1,"11":4,"12":1,"13":1,"14":1,"15":9,"16":1,"17":8,"18":1,"19":7,"20":7,"21":3,"22":4,"23":1},"f":{"0":7,"1":56,"2":1,"3":4,"4":4,"5":4,"6":9},"b":{"0":[1,1,1,1],"1":[1,8],"2":[1,7],"3":[3,4]},"_coverageSchema":"1a1c01bbd47fc00a2c39e90264f33305004495a9","hash":"8fd3ef818a8bb8d28b0ae8f647b9fc9b1bbcd91b"}
,"/home/gabriel/Área de Trabalho/Workspace/trybe-curso/bloco-05-projetos/secao-01-fundamentos/projeto-06-js-zoo-functions/source/script-07.js": {"path":"/home/gabriel/Área de Trabalho/Workspace/trybe-curso/bloco-05-projetos/secao-01-fundamentos/projeto-06-js-zoo-functions/source/script-07.js","statementMap":{"0":{"start":{"line":1,"column":19},"end":{"line":1,"column":44}},"1":{"start":{"line":3,"column":22},"end":{"line":18,"column":1}},"2":{"start":{"line":4,"column":16},"end":{"line":5,"column":34}},"3":{"start":{"line":5,"column":25},"end":{"line":5,"column":33}},"4":{"start":{"line":7,"column":16},"end":{"line":8,"column":47}},"5":{"start":{"line":8,"column":25},"end":{"line":8,"column":46}},"6":{"start":{"line":10,"column":17},"end":{"line":11,"column":35}},"7":{"start":{"line":11,"column":25},"end":{"line":11,"column":34}},"8":{"start":{"line":13,"column":2},"end":{"line":17,"column":4}},"9":{"start":{"line":20,"column":23},"end":{"line":31,"column":1}},"10":{"start":{"line":21,"column":2},"end":{"line":23,"column":3}},"11":{"start":{"line":22,"column":4},"end":{"line":22,"column":13}},"12":{"start":{"line":25,"column":15},"end":{"line":28,"column":15}},"13":{"start":{"line":27,"column":43},"end":{"line":27,"column":78}},"14":{"start":{"line":30,"column":2},"end":{"line":30,"column":26}},"15":{"start":{"line":33,"column":0},"end":{"line":33,"column":51}}},"fnMap":{"0":{"name":"(anonymous_0)","decl":{"start":{"line":3,"column":22},"end":{"line":3,"column":23}},"loc":{"start":{"line":3,"column":36},"end":{"line":18,"column":1}},"line":3},"1":{"name":"(anonymous_1)","decl":{"start":{"line":5,"column":12},"end":{"line":5,"column":13}},"loc":{"start":{"line":5,"column":25},"end":{"line":5,"column":33}},"line":5},"2":{"name":"(anonymous_2)","decl":{"start":{"line":8,"column":12},"end":{"line":8,"column":13}},"loc":{"start":{"line":8,"column":25},"end":{"line":8,"column":46}},"line":8},"3":{"name":"(anonymous_3)","decl":{"start":{"line":11,"column":12},"end":{"line":11,"column":13}},"loc":{"start":{"line":11,"column":25},"end":{"line":11,"column":34}},"line":11},"4":{"name":"(anonymous_4)","decl":{"start":{"line":20,"column":23},"end":{"line":20,"column":24}},"loc":{"start":{"line":20,"column":42},"end":{"line":31,"column":1}},"line":20},"5":{"name":"(anonymous_5)","decl":{"start":{"line":27,"column":12},"end":{"line":27,"column":13}},"loc":{"start":{"line":27,"column":43},"end":{"line":27,"column":78}},"line":27}},"branchMap":{"0":{"loc":{"start":{"line":8,"column":25},"end":{"line":8,"column":46}},"type":"binary-expr","locations":[{"start":{"line":8,"column":25},"end":{"line":8,"column":34}},{"start":{"line":8,"column":38},"end":{"line":8,"column":46}}],"line":8},"1":{"loc":{"start":{"line":20,"column":24},"end":{"line":20,"column":37}},"type":"default-arg","locations":[{"start":{"line":20,"column":35},"end":{"line":20,"column":37}}],"line":20},"2":{"loc":{"start":{"line":21,"column":2},"end":{"line":23,"column":3}},"type":"if","locations":[{"start":{"line":21,"column":2},"end":{"line":23,"column":3}},{"start":{},"end":{}}],"line":21}},"s":{"0":1,"1":1,"2":6,"3":17,"4":6,"5":17,"6":6,"7":17,"8":6,"9":1,"10":7,"11":2,"12":5,"13":15,"14":5,"15":1},"f":{"0":6,"1":17,"2":17,"3":17,"4":7,"5":15},"b":{"0":[17,9],"1":[1],"2":[2,5]},"_coverageSchema":"1a1c01bbd47fc00a2c39e90264f33305004495a9","hash":"b65ef4010ef65c70a355415968c86758c76c4c69"}
,"/home/gabriel/Área de Trabalho/Workspace/trybe-curso/bloco-05-projetos/secao-01-fundamentos/projeto-06-js-zoo-functions/source/script-08.js": {"path":"/home/gabriel/Área de Trabalho/Workspace/trybe-curso/bloco-05-projetos/secao-01-fundamentos/projeto-06-js-zoo-functions/source/script-08.js","statementMap":{"0":{"start":{"line":1,"column":27},"end":{"line":1,"column":52}},"1":{"start":{"line":3,"column":23},"end":{"line":19,"column":8}},"2":{"start":{"line":3,"column":29},"end":{"line":19,"column":8}},"3":{"start":{"line":6,"column":41},"end":{"line":11,"column":9}},"4":{"start":{"line":9,"column":40},"end":{"line":9,"column":66}},"5":{"start":{"line":10,"column":29},"end":{"line":10,"column":33}},"6":{"start":{"line":13,"column":4},"end":{"line":16,"column":6}},"7":{"start":{"line":18,"column":4},"end":{"line":18,"column":23}},"8":{"start":{"line":21,"column":26},"end":{"line":26,"column":2}},"9":{"start":{"line":21,"column":33},"end":{"line":26,"column":1}},"10":{"start":{"line":28,"column":23},"end":{"line":42,"column":1}},"11":{"start":{"line":29,"column":39},"end":{"line":34,"column":3}},"12":{"start":{"line":32,"column":36},"end":{"line":32,"column":62}},"13":{"start":{"line":33,"column":25},"end":{"line":33,"column":29}},"14":{"start":{"line":36,"column":2},"end":{"line":41,"column":4}},"15":{"start":{"line":44,"column":20},"end":{"line":67,"column":1}},"16":{"start":{"line":45,"column":2},"end":{"line":47,"column":3}},"17":{"start":{"line":46,"column":4},"end":{"line":46,"column":28}},"18":{"start":{"line":49,"column":2},"end":{"line":51,"column":3}},"19":{"start":{"line":50,"column":4},"end":{"line":50,"column":31}},"20":{"start":{"line":53,"column":19},"end":{"line":53,"column":37}},"21":{"start":{"line":55,"column":2},"end":{"line":57,"column":3}},"22":{"start":{"line":56,"column":4},"end":{"line":56,"column":42}},"23":{"start":{"line":59,"column":23},"end":{"line":60,"column":48}},"24":{"start":{"line":60,"column":24},"end":{"line":60,"column":47}},"25":{"start":{"line":62,"column":2},"end":{"line":64,"column":3}},"26":{"start":{"line":63,"column":4},"end":{"line":63,"column":28}},"27":{"start":{"line":66,"column":2},"end":{"line":66,"column":35}},"28":{"start":{"line":69,"column":0},"end":{"line":69,"column":29}}},"fnMap":{"0":{"name":"(anonymous_0)","decl":{"start":{"line":3,"column":23},"end":{"line":3,"column":24}},"loc":{"start":{"line":3,"column":29},"end":{"line":19,"column":8}},"line":3},"1":{"name":"(anonymous_1)","decl":{"start":{"line":5,"column":10},"end":{"line":5,"column":11}},"loc":{"start":{"line":5,"column":41},"end":{"line":19,"column":3}},"line":5},"2":{"name":"(anonymous_2)","decl":{"start":{"line":9,"column":18},"end":{"line":9,"column":19}},"loc":{"start":{"line":9,"column":40},"end":{"line":9,"column":66}},"line":9},"3":{"name":"(anonymous_3)","decl":{"start":{"line":10,"column":15},"end":{"line":10,"column":16}},"loc":{"start":{"line":10,"column":29},"end":{"line":10,"column":33}},"line":10},"4":{"name":"(anonymous_4)","decl":{"start":{"line":21,"column":26},"end":{"line":21,"column":27}},"loc":{"start":{"line":21,"column":33},"end":{"line":26,"column":1}},"line":21},"5":{"name":"(anonymous_5)","decl":{"start":{"line":28,"column":23},"end":{"line":28,"column":24}},"loc":{"start":{"line":28,"column":32},"end":{"line":42,"column":1}},"line":28},"6":{"name":"(anonymous_6)","decl":{"start":{"line":32,"column":14},"end":{"line":32,"column":15}},"loc":{"start":{"line":32,"column":36},"end":{"line":32,"column":62}},"line":32},"7":{"name":"(anonymous_7)","decl":{"start":{"line":33,"column":11},"end":{"line":33,"column":12}},"loc":{"start":{"line":33,"column":25},"end":{"line":33,"column":29}},"line":33},"8":{"name":"(anonymous_8)","decl":{"start":{"line":44,"column":20},"end":{"line":44,"column":21}},"loc":{"start":{"line":44,"column":40},"end":{"line":67,"column":1}},"line":44},"9":{"name":"(anonymous_9)","decl":{"start":{"line":60,"column":10},"end":{"line":60,"column":11}},"loc":{"start":{"line":60,"column":24},"end":{"line":60,"column":47}},"line":60}},"branchMap":{"0":{"loc":{"start":{"line":6,"column":41},"end":{"line":11,"column":9}},"type":"cond-expr","locations":[{"start":{"line":7,"column":8},"end":{"line":7,"column":45}},{"start":{"line":8,"column":8},"end":{"line":11,"column":9}}],"line":6},"1":{"loc":{"start":{"line":45,"column":2},"end":{"line":47,"column":3}},"type":"if","locations":[{"start":{"line":45,"column":2},"end":{"line":47,"column":3}},{"start":{},"end":{}}],"line":45},"2":{"loc":{"start":{"line":49,"column":2},"end":{"line":51,"column":3}},"type":"if","locations":[{"start":{"line":49,"column":2},"end":{"line":51,"column":3}},{"start":{},"end":{}}],"line":49},"3":{"loc":{"start":{"line":55,"column":2},"end":{"line":57,"column":3}},"type":"if","locations":[{"start":{"line":55,"column":2},"end":{"line":57,"column":3}},{"start":{},"end":{}}],"line":55},"4":{"loc":{"start":{"line":62,"column":2},"end":{"line":64,"column":3}},"type":"if","locations":[{"start":{"line":62,"column":2},"end":{"line":64,"column":3}},{"start":{},"end":{}}],"line":62}},"s":{"0":1,"1":1,"2":2,"3":14,"4":108,"5":72,"6":14,"7":14,"8":1,"9":1,"10":1,"11":2,"12":18,"13":12,"14":2,"15":1,"16":7,"17":1,"18":6,"19":1,"20":5,"21":5,"22":2,"23":3,"24":14,"25":3,"26":1,"27":2,"28":1},"f":{"0":2,"1":14,"2":108,"3":72,"4":1,"5":2,"6":18,"7":12,"8":7,"9":14},"b":{"0":[2,12],"1":[1,6],"2":[1,5],"3":[2,3],"4":[1,2]},"_coverageSchema":"1a1c01bbd47fc00a2c39e90264f33305004495a9","hash":"1739d36a91d8359c29fce8f4c939a45db376ad39"}
,"/home/gabriel/Área de Trabalho/Workspace/trybe-curso/bloco-05-projetos/secao-01-fundamentos/projeto-06-js-zoo-functions/source/script-09.js": {"path":"/home/gabriel/Área de Trabalho/Workspace/trybe-curso/bloco-05-projetos/secao-01-fundamentos/projeto-06-js-zoo-functions/source/script-09.js","statementMap":{"0":{"start":{"line":1,"column":31},"end":{"line":1,"column":56}},"1":{"start":{"line":3,"column":34},"end":{"line":21,"column":1}},"2":{"start":{"line":4,"column":29},"end":{"line":5,"column":52}},"3":{"start":{"line":5,"column":34},"end":{"line":5,"column":51}},"4":{"start":{"line":7,"column":24},"end":{"line":7,"column":38}},"5":{"start":{"line":9,"column":24},"end":{"line":10,"column":57}},"6":{"start":{"line":10,"column":32},"end":{"line":10,"column":56}},"7":{"start":{"line":12,"column":26},"end":{"line":12,"column":35}},"8":{"start":{"line":14,"column":23},"end":{"line":18,"column":18}},"9":{"start":{"line":15,"column":40},"end":{"line":17,"column":19}},"10":{"start":{"line":20,"column":2},"end":{"line":20,"column":37}},"11":{"start":{"line":23,"column":0},"end":{"line":23,"column":43}}},"fnMap":{"0":{"name":"(anonymous_0)","decl":{"start":{"line":3,"column":34},"end":{"line":3,"column":35}},"loc":{"start":{"line":3,"column":42},"end":{"line":21,"column":1}},"line":3},"1":{"name":"(anonymous_1)","decl":{"start":{"line":5,"column":10},"end":{"line":5,"column":11}},"loc":{"start":{"line":5,"column":34},"end":{"line":5,"column":51}},"line":5},"2":{"name":"(anonymous_2)","decl":{"start":{"line":10,"column":10},"end":{"line":10,"column":11}},"loc":{"start":{"line":10,"column":32},"end":{"line":10,"column":56}},"line":10},"3":{"name":"(anonymous_3)","decl":{"start":{"line":15,"column":12},"end":{"line":15,"column":13}},"loc":{"start":{"line":15,"column":40},"end":{"line":17,"column":19}},"line":15}},"branchMap":{"0":{"loc":{"start":{"line":15,"column":40},"end":{"line":17,"column":19}},"type":"cond-expr","locations":[{"start":{"line":16,"column":8},"end":{"line":16,"column":16}},{"start":{"line":17,"column":8},"end":{"line":17,"column":19}}],"line":15}},"s":{"0":1,"1":1,"2":8,"3":36,"4":8,"5":8,"6":27,"7":8,"8":8,"9":28,"10":8,"11":1},"f":{"0":8,"1":36,"2":27,"3":28},"b":{"0":[7,21]},"_coverageSchema":"1a1c01bbd47fc00a2c39e90264f33305004495a9","hash":"43f67ed3a1882209985a3fde48ffc132e0550fba"}
,"/home/gabriel/Área de Trabalho/Workspace/trybe-curso/bloco-05-projetos/secao-01-fundamentos/projeto-06-js-zoo-functions/source/script-10.js": {"path":"/home/gabriel/Área de Trabalho/Workspace/trybe-curso/bloco-05-projetos/secao-01-fundamentos/projeto-06-js-zoo-functions/source/script-10.js","statementMap":{"0":{"start":{"line":1,"column":31},"end":{"line":1,"column":56}},"1":{"start":{"line":3,"column":0},"end":{"line":7,"column":2}},"2":{"start":{"line":4,"column":2},"end":{"line":6,"column":23}},"3":{"start":{"line":9,"column":21},"end":{"line":21,"column":1}},"4":{"start":{"line":10,"column":16},"end":{"line":10,"column":50}},"5":{"start":{"line":12,"column":2},"end":{"line":14,"column":3}},"6":{"start":{"line":13,"column":4},"end":{"line":13,"column":16}},"7":{"start":{"line":16,"column":23},"end":{"line":16,"column":27}},"8":{"start":{"line":18,"column":2},"end":{"line":20,"column":3}},"9":{"start":{"line":19,"column":4},"end":{"line":19,"column":16}},"10":{"start":{"line":23,"column":29},"end":{"line":27,"column":1}},"11":{"start":{"line":24,"column":2},"end":{"line":26,"column":3}},"12":{"start":{"line":25,"column":4},"end":{"line":25,"column":45}},"13":{"start":{"line":29,"column":24},"end":{"line":49,"column":1}},"14":{"start":{"line":30,"column":23},"end":{"line":35,"column":6}},"15":{"start":{"line":32,"column":6},"end":{"line":34,"column":23}},"16":{"start":{"line":37,"column":2},"end":{"line":37,"column":37}},"17":{"start":{"line":39,"column":66},"end":{"line":39,"column":78}},"18":{"start":{"line":40,"column":26},"end":{"line":41,"column":68}},"19":{"start":{"line":41,"column":34},"end":{"line":41,"column":67}},"20":{"start":{"line":43,"column":2},"end":{"line":48,"column":4}},"21":{"start":{"line":46,"column":59},"end":{"line":46,"column":69}},"22":{"start":{"line":47,"column":53},"end":{"line":47,"column":61}},"23":{"start":{"line":51,"column":25},"end":{"line":67,"column":1}},"24":{"start":{"line":52,"column":15},"end":{"line":52,"column":17}},"25":{"start":{"line":54,"column":2},"end":{"line":64,"column":5}},"26":{"start":{"line":55,"column":28},"end":{"line":56,"column":70}},"27":{"start":{"line":56,"column":36},"end":{"line":56,"column":69}},"28":{"start":{"line":58,"column":4},"end":{"line":63,"column":7}},"29":{"start":{"line":61,"column":61},"end":{"line":61,"column":71}},"30":{"start":{"line":62,"column":55},"end":{"line":62,"column":63}},"31":{"start":{"line":66,"column":2},"end":{"line":66,"column":14}},"32":{"start":{"line":69,"column":29},"end":{"line":76,"column":1}},"33":{"start":{"line":70,"column":2},"end":{"line":72,"column":3}},"34":{"start":{"line":71,"column":4},"end":{"line":71,"column":30}},"35":{"start":{"line":74,"column":2},"end":{"line":74,"column":21}},"36":{"start":{"line":75,"column":2},"end":{"line":75,"column":31}},"37":{"start":{"line":78,"column":0},"end":{"line":78,"column":38}}},"fnMap":{"0":{"name":"(anonymous_0)","decl":{"start":{"line":3,"column":18},"end":{"line":3,"column":19}},"loc":{"start":{"line":4,"column":2},"end":{"line":6,"column":23}},"line":4},"1":{"name":"(anonymous_1)","decl":{"start":{"line":9,"column":21},"end":{"line":9,"column":22}},"loc":{"start":{"line":9,"column":31},"end":{"line":21,"column":1}},"line":9},"2":{"name":"(anonymous_2)","decl":{"start":{"line":23,"column":29},"end":{"line":23,"column":30}},"loc":{"start":{"line":23,"column":39},"end":{"line":27,"column":1}},"line":23},"3":{"name":"(anonymous_3)","decl":{"start":{"line":29,"column":24},"end":{"line":29,"column":25}},"loc":{"start":{"line":29,"column":42},"end":{"line":49,"column":1}},"line":29},"4":{"name":"(anonymous_4)","decl":{"start":{"line":31,"column":10},"end":{"line":31,"column":11}},"loc":{"start":{"line":32,"column":6},"end":{"line":34,"column":23}},"line":32},"5":{"name":"(anonymous_5)","decl":{"start":{"line":41,"column":12},"end":{"line":41,"column":13}},"loc":{"start":{"line":41,"column":34},"end":{"line":41,"column":67}},"line":41},"6":{"name":"(anonymous_6)","decl":{"start":{"line":46,"column":33},"end":{"line":46,"column":34}},"loc":{"start":{"line":46,"column":59},"end":{"line":46,"column":69}},"line":46},"7":{"name":"(anonymous_7)","decl":{"start":{"line":47,"column":35},"end":{"line":47,"column":36}},"loc":{"start":{"line":47,"column":53},"end":{"line":47,"column":61}},"line":47},"8":{"name":"(anonymous_8)","decl":{"start":{"line":51,"column":25},"end":{"line":51,"column":26}},"loc":{"start":{"line":51,"column":31},"end":{"line":67,"column":1}},"line":51},"9":{"name":"(anonymous_9)","decl":{"start":{"line":54,"column":20},"end":{"line":54,"column":21}},"loc":{"start":{"line":54,"column":69},"end":{"line":64,"column":3}},"line":54},"10":{"name":"(anonymous_10)","decl":{"start":{"line":56,"column":14},"end":{"line":56,"column":15}},"loc":{"start":{"line":56,"column":36},"end":{"line":56,"column":69}},"line":56},"11":{"name":"(anonymous_11)","decl":{"start":{"line":61,"column":35},"end":{"line":61,"column":36}},"loc":{"start":{"line":61,"column":61},"end":{"line":61,"column":71}},"line":61},"12":{"name":"(anonymous_12)","decl":{"start":{"line":62,"column":37},"end":{"line":62,"column":38}},"loc":{"start":{"line":62,"column":55},"end":{"line":62,"column":63}},"line":62},"13":{"name":"(anonymous_13)","decl":{"start":{"line":69,"column":29},"end":{"line":69,"column":30}},"loc":{"start":{"line":69,"column":39},"end":{"line":76,"column":1}},"line":69}},"branchMap":{"0":{"loc":{"start":{"line":4,"column":2},"end":{"line":6,"column":23}},"type":"binary-expr","locations":[{"start":{"line":4,"column":2},"end":{"line":4,"column":27}},{"start":{"line":5,"column":2},"end":{"line":5,"column":16}},{"start":{"line":6,"column":2},"end":{"line":6,"column":23}}],"line":4},"1":{"loc":{"start":{"line":12,"column":2},"end":{"line":14,"column":3}},"type":"if","locations":[{"start":{"line":12,"column":2},"end":{"line":14,"column":3}},{"start":{},"end":{}}],"line":12},"2":{"loc":{"start":{"line":18,"column":2},"end":{"line":20,"column":3}},"type":"if","locations":[{"start":{"line":18,"column":2},"end":{"line":20,"column":3}},{"start":{},"end":{}}],"line":18},"3":{"loc":{"start":{"line":18,"column":6},"end":{"line":18,"column":18}},"type":"binary-expr","locations":[{"start":{"line":18,"column":6},"end":{"line":18,"column":11}},{"start":{"line":18,"column":15},"end":{"line":18,"column":18}}],"line":18},"4":{"loc":{"start":{"line":24,"column":2},"end":{"line":26,"column":3}},"type":"if","locations":[{"start":{"line":24,"column":2},"end":{"line":26,"column":3}},{"start":{},"end":{}}],"line":24},"5":{"loc":{"start":{"line":32,"column":6},"end":{"line":34,"column":23}},"type":"binary-expr","locations":[{"start":{"line":32,"column":6},"end":{"line":32,"column":23}},{"start":{"line":33,"column":6},"end":{"line":33,"column":24}},{"start":{"line":34,"column":6},"end":{"line":34,"column":23}}],"line":32},"6":{"loc":{"start":{"line":70,"column":2},"end":{"line":72,"column":3}},"type":"if","locations":[{"start":{"line":70,"column":2},"end":{"line":72,"column":3}},{"start":{},"end":{}}],"line":70}},"s":{"0":1,"1":1,"2":4,"3":1,"4":4,"5":4,"6":0,"7":4,"8":4,"9":0,"10":1,"11":4,"12":1,"13":1,"14":4,"15":27,"16":4,"17":3,"18":3,"19":27,"20":3,"21":6,"22":6,"23":1,"24":1,"25":1,"26":8,"27":72,"28":8,"29":21,"30":21,"31":1,"32":1,"33":5,"34":1,"35":4,"36":4,"37":1},"f":{"0":4,"1":4,"2":4,"3":4,"4":27,"5":27,"6":6,"7":6,"8":1,"9":8,"10":72,"11":21,"12":21,"13":5},"b":{"0":[4,4,4],"1":[0,4],"2":[0,4],"3":[4,2],"4":[1,3],"5":[27,26,25],"6":[1,4]},"_coverageSchema":"1a1c01bbd47fc00a2c39e90264f33305004495a9","hash":"d4ef649db1235ed950cb77bb5ab58a29d8d9fb5b"}
,"/home/gabriel/Área de Trabalho/Workspace/trybe-curso/bloco-05-projetos/secao-01-fundamentos/projeto-06-js-zoo-functions/source/script-11.js": {"path":"/home/gabriel/Área de Trabalho/Workspace/trybe-curso/bloco-05-projetos/secao-01-fundamentos/projeto-06-js-zoo-functions/source/script-11.js","statementMap":{"0":{"start":{"line":1,"column":18},"end":{"line":1,"column":43}},"1":{"start":{"line":3,"column":17},"end":{"line":3,"column":95}},"2":{"start":{"line":4,"column":17},"end":{"line":4,"column":57}},"3":{"start":{"line":6,"column":32},"end":{"line":10,"column":1}},"4":{"start":{"line":7,"column":2},"end":{"line":9,"column":3}},"5":{"start":{"line":8,"column":4},"end":{"line":8,"column":61}},"6":{"start":{"line":12,"column":29},"end":{"line":16,"column":1}},"7":{"start":{"line":13,"column":2},"end":{"line":15,"column":3}},"8":{"start":{"line":14,"column":4},"end":{"line":14,"column":65}},"9":{"start":{"line":18,"column":21},"end":{"line":36,"column":1}},"10":{"start":{"line":19,"column":33},"end":{"line":19,"column":62}},"11":{"start":{"line":20,"column":35},"end":{"line":20,"column":52}},"12":{"start":{"line":22,"column":2},"end":{"line":22,"column":45}},"13":{"start":{"line":23,"column":2},"end":{"line":23,"column":50}},"14":{"start":{"line":24,"column":2},"end":{"line":24,"column":37}},"15":{"start":{"line":26,"column":2},"end":{"line":35,"column":3}},"16":{"start":{"line":28,"column":6},"end":{"line":28,"column":59}},"17":{"start":{"line":31,"column":6},"end":{"line":31,"column":62}},"18":{"start":{"line":34,"column":6},"end":{"line":34,"column":18}},"19":{"start":{"line":38,"column":20},"end":{"line":42,"column":1}},"20":{"start":{"line":39,"column":2},"end":{"line":41,"column":3}},"21":{"start":{"line":40,"column":4},"end":{"line":40,"column":30}},"22":{"start":{"line":44,"column":14},"end":{"line":44,"column":40}},"23":{"start":{"line":44,"column":28},"end":{"line":44,"column":40}},"24":{"start":{"line":46,"column":14},"end":{"line":50,"column":2}},"25":{"start":{"line":46,"column":38},"end":{"line":50,"column":1}},"26":{"start":{"line":52,"column":21},"end":{"line":56,"column":1}},"27":{"start":{"line":53,"column":22},"end":{"line":53,"column":46}},"28":{"start":{"line":55,"column":2},"end":{"line":55,"column":67}},"29":{"start":{"line":58,"column":24},"end":{"line":81,"column":1}},"30":{"start":{"line":59,"column":2},"end":{"line":61,"column":3}},"31":{"start":{"line":60,"column":4},"end":{"line":60,"column":17}},"32":{"start":{"line":63,"column":22},"end":{"line":63,"column":76}},"33":{"start":{"line":65,"column":2},"end":{"line":65,"column":27}},"34":{"start":{"line":66,"column":2},"end":{"line":66,"column":25}},"35":{"start":{"line":68,"column":26},"end":{"line":68,"column":44}},"36":{"start":{"line":70,"column":2},"end":{"line":72,"column":3}},"37":{"start":{"line":71,"column":4},"end":{"line":71,"column":31}},"38":{"start":{"line":74,"column":17},"end":{"line":74,"column":53}},"39":{"start":{"line":75,"column":15},"end":{"line":75,"column":45}},"40":{"start":{"line":77,"column":16},"end":{"line":77,"column":29}},"41":{"start":{"line":79,"column":2},"end":{"line":79,"column":73}},"42":{"start":{"line":80,"column":2},"end":{"line":80,"column":17}},"43":{"start":{"line":83,"column":0},"end":{"line":83,"column":33}}},"fnMap":{"0":{"name":"(anonymous_0)","decl":{"start":{"line":6,"column":32},"end":{"line":6,"column":33}},"loc":{"start":{"line":6,"column":50},"end":{"line":10,"column":1}},"line":6},"1":{"name":"(anonymous_1)","decl":{"start":{"line":12,"column":29},"end":{"line":12,"column":30}},"loc":{"start":{"line":12,"column":47},"end":{"line":16,"column":1}},"line":12},"2":{"name":"(anonymous_2)","decl":{"start":{"line":18,"column":21},"end":{"line":18,"column":22}},"loc":{"start":{"line":18,"column":31},"end":{"line":36,"column":1}},"line":18},"3":{"name":"(anonymous_3)","decl":{"start":{"line":38,"column":20},"end":{"line":38,"column":21}},"loc":{"start":{"line":38,"column":29},"end":{"line":42,"column":1}},"line":38},"4":{"name":"(anonymous_4)","decl":{"start":{"line":44,"column":14},"end":{"line":44,"column":15}},"loc":{"start":{"line":44,"column":28},"end":{"line":44,"column":40}},"line":44},"5":{"name":"(anonymous_5)","decl":{"start":{"line":46,"column":14},"end":{"line":46,"column":15}},"loc":{"start":{"line":46,"column":38},"end":{"line":50,"column":1}},"line":46},"6":{"name":"(anonymous_6)","decl":{"start":{"line":52,"column":21},"end":{"line":52,"column":22}},"loc":{"start":{"line":52,"column":52},"end":{"line":56,"column":1}},"line":52},"7":{"name":"(anonymous_7)","decl":{"start":{"line":58,"column":24},"end":{"line":58,"column":25}},"loc":{"start":{"line":58,"column":43},"end":{"line":81,"column":1}},"line":58}},"branchMap":{"0":{"loc":{"start":{"line":7,"column":2},"end":{"line":9,"column":3}},"type":"if","locations":[{"start":{"line":7,"column":2},"end":{"line":9,"column":3}},{"start":{},"end":{}}],"line":7},"1":{"loc":{"start":{"line":13,"column":2},"end":{"line":15,"column":3}},"type":"if","locations":[{"start":{"line":13,"column":2},"end":{"line":15,"column":3}},{"start":{},"end":{}}],"line":13},"2":{"loc":{"start":{"line":26,"column":2},"end":{"line":35,"column":3}},"type":"switch","locations":[{"start":{"line":27,"column":4},"end":{"line":28,"column":59}},{"start":{"line":30,"column":4},"end":{"line":31,"column":62}},{"start":{"line":33,"column":4},"end":{"line":34,"column":18}}],"line":26},"3":{"loc":{"start":{"line":27,"column":9},"end":{"line":27,"column":58}},"type":"binary-expr","locations":[{"start":{"line":27,"column":9},"end":{"line":27,"column":31}},{"start":{"line":27,"column":35},"end":{"line":27,"column":58}}],"line":27},"4":{"loc":{"start":{"line":30,"column":9},"end":{"line":30,"column":62}},"type":"binary-expr","locations":[{"start":{"line":30,"column":9},"end":{"line":30,"column":33}},{"start":{"line":30,"column":37},"end":{"line":30,"column":62}}],"line":30},"5":{"loc":{"start":{"line":39,"column":2},"end":{"line":41,"column":3}},"type":"if","locations":[{"start":{"line":39,"column":2},"end":{"line":41,"column":3}},{"start":{},"end":{}}],"line":39},"6":{"loc":{"start":{"line":44,"column":28},"end":{"line":44,"column":40}},"type":"binary-expr","locations":[{"start":{"line":44,"column":28},"end":{"line":44,"column":32}},{"start":{"line":44,"column":36},"end":{"line":44,"column":40}}],"line":44},"7":{"loc":{"start":{"line":47,"column":5},"end":{"line":47,"column":29}},"type":"cond-expr","locations":[{"start":{"line":47,"column":21},"end":{"line":47,"column":22}},{"start":{"line":47,"column":25},"end":{"line":47,"column":29}}],"line":47},"8":{"loc":{"start":{"line":48,"column":5},"end":{"line":48,"column":29}},"type":"cond-expr","locations":[{"start":{"line":48,"column":21},"end":{"line":48,"column":22}},{"start":{"line":48,"column":25},"end":{"line":48,"column":29}}],"line":48},"9":{"loc":{"start":{"line":49,"column":5},"end":{"line":49,"column":31}},"type":"cond-expr","locations":[{"start":{"line":49,"column":22},"end":{"line":49,"column":23}},{"start":{"line":49,"column":26},"end":{"line":49,"column":31}}],"line":49},"10":{"loc":{"start":{"line":55,"column":9},"end":{"line":55,"column":66}},"type":"binary-expr","locations":[{"start":{"line":55,"column":10},"end":{"line":55,"column":25}},{"start":{"line":55,"column":29},"end":{"line":55,"column":35}},{"start":{"line":55,"column":41},"end":{"line":55,"column":56}},{"start":{"line":55,"column":60},"end":{"line":55,"column":65}}],"line":55},"11":{"loc":{"start":{"line":59,"column":2},"end":{"line":61,"column":3}},"type":"if","locations":[{"start":{"line":59,"column":2},"end":{"line":61,"column":3}},{"start":{},"end":{}}],"line":59},"12":{"loc":{"start":{"line":70,"column":2},"end":{"line":72,"column":3}},"type":"if","locations":[{"start":{"line":70,"column":2},"end":{"line":72,"column":3}},{"start":{},"end":{}}],"line":70},"13":{"loc":{"start":{"line":79,"column":13},"end":{"line":79,"column":72}},"type":"cond-expr","locations":[{"start":{"line":79,"column":55},"end":{"line":79,"column":61}},{"start":{"line":79,"column":64},"end":{"line":79,"column":72}}],"line":79}},"s":{"0":1,"1":1,"2":1,"3":1,"4":15,"5":2,"6":1,"7":6,"8":1,"9":1,"10":8,"11":8,"12":8,"13":7,"14":6,"15":5,"16":1,"17":1,"18":3,"19":1,"20":9,"21":1,"22":1,"23":13,"24":1,"25":2,"26":1,"27":2,"28":2,"29":1,"30":10,"31":1,"32":9,"33":9,"34":8,"35":3,"36":3,"37":1,"38":2,"39":2,"40":2,"41":2,"42":2,"43":1},"f":{"0":15,"1":6,"2":8,"3":9,"4":13,"5":2,"6":2,"7":10},"b":{"0":[2,13],"1":[1,5],"2":[1,1,3],"3":[5,5],"4":[4,4],"5":[1,8],"6":[13,2],"7":[0,2],"8":[0,2],"9":[0,2],"10":[2,1,1,1],"11":[1,9],"12":[1,2],"13":[1,1]},"_coverageSchema":"1a1c01bbd47fc00a2c39e90264f33305004495a9","hash":"35d26b57ad8bf8410346c3a4cf098a9598700da8"}
,"/home/gabriel/Área de Trabalho/Workspace/trybe-curso/bloco-05-projetos/secao-01-fundamentos/projeto-06-js-zoo-functions/source/script-12.js": {"path":"/home/gabriel/Área de Trabalho/Workspace/trybe-curso/bloco-05-projetos/secao-01-fundamentos/projeto-06-js-zoo-functions/source/script-12.js","statementMap":{"0":{"start":{"line":1,"column":20},"end":{"line":1,"column":45}},"1":{"start":{"line":3,"column":23},"end":{"line":3,"column":83}},"2":{"start":{"line":3,"column":44},"end":{"line":3,"column":83}},"3":{"start":{"line":3,"column":78},"end":{"line":3,"column":82}},"4":{"start":{"line":5,"column":25},"end":{"line":21,"column":4}},"5":{"start":{"line":5,"column":63},"end":{"line":21,"column":4}},"6":{"start":{"line":7,"column":25},"end":{"line":8,"column":52}},"7":{"start":{"line":8,"column":39},"end":{"line":8,"column":51}},"8":{"start":{"line":10,"column":4},"end":{"line":14,"column":5}},"9":{"start":{"line":11,"column":6},"end":{"line":13,"column":55}},"10":{"start":{"line":12,"column":42},"end":{"line":12,"column":61}},"11":{"start":{"line":13,"column":41},"end":{"line":13,"column":53}},"12":{"start":{"line":16,"column":4},"end":{"line":18,"column":5}},"13":{"start":{"line":17,"column":6},"end":{"line":17,"column":28}},"14":{"start":{"line":20,"column":4},"end":{"line":20,"column":38}},"15":{"start":{"line":23,"column":26},"end":{"line":36,"column":1}},"16":{"start":{"line":24,"column":26},"end":{"line":25,"column":58}},"17":{"start":{"line":25,"column":30},"end":{"line":25,"column":57}},"18":{"start":{"line":27,"column":2},"end":{"line":33,"column":3}},"19":{"start":{"line":28,"column":42},"end":{"line":28,"column":49}},"20":{"start":{"line":30,"column":4},"end":{"line":32,"column":59}},"21":{"start":{"line":35,"column":2},"end":{"line":35,"column":41}},"22":{"start":{"line":38,"column":21},"end":{"line":47,"column":1}},"23":{"start":{"line":39,"column":20},"end":{"line":44,"column":3}},"24":{"start":{"line":46,"column":2},"end":{"line":46,"column":19}},"25":{"start":{"line":49,"column":0},"end":{"line":49,"column":30}}},"fnMap":{"0":{"name":"(anonymous_0)","decl":{"start":{"line":3,"column":23},"end":{"line":3,"column":24}},"loc":{"start":{"line":3,"column":44},"end":{"line":3,"column":83}},"line":3},"1":{"name":"(anonymous_1)","decl":{"start":{"line":3,"column":64},"end":{"line":3,"column":65}},"loc":{"start":{"line":3,"column":78},"end":{"line":3,"column":82}},"line":3},"2":{"name":"(anonymous_2)","decl":{"start":{"line":5,"column":25},"end":{"line":5,"column":26}},"loc":{"start":{"line":5,"column":63},"end":{"line":21,"column":4}},"line":5},"3":{"name":"(anonymous_3)","decl":{"start":{"line":6,"column":7},"end":{"line":6,"column":8}},"loc":{"start":{"line":6,"column":32},"end":{"line":21,"column":3}},"line":6},"4":{"name":"(anonymous_4)","decl":{"start":{"line":8,"column":11},"end":{"line":8,"column":12}},"loc":{"start":{"line":8,"column":39},"end":{"line":8,"column":51}},"line":8},"5":{"name":"(anonymous_5)","decl":{"start":{"line":12,"column":16},"end":{"line":12,"column":17}},"loc":{"start":{"line":12,"column":42},"end":{"line":12,"column":61}},"line":12},"6":{"name":"(anonymous_6)","decl":{"start":{"line":13,"column":13},"end":{"line":13,"column":14}},"loc":{"start":{"line":13,"column":41},"end":{"line":13,"column":53}},"line":13},"7":{"name":"(anonymous_7)","decl":{"start":{"line":23,"column":26},"end":{"line":23,"column":27}},"loc":{"start":{"line":23,"column":55},"end":{"line":36,"column":1}},"line":23},"8":{"name":"(anonymous_8)","decl":{"start":{"line":25,"column":12},"end":{"line":25,"column":13}},"loc":{"start":{"line":25,"column":30},"end":{"line":25,"column":57}},"line":25},"9":{"name":"(anonymous_9)","decl":{"start":{"line":38,"column":21},"end":{"line":38,"column":22}},"loc":{"start":{"line":38,"column":34},"end":{"line":47,"column":1}},"line":38}},"branchMap":{"0":{"loc":{"start":{"line":10,"column":4},"end":{"line":14,"column":5}},"type":"if","locations":[{"start":{"line":10,"column":4},"end":{"line":14,"column":5}},{"start":{},"end":{}}],"line":10},"1":{"loc":{"start":{"line":16,"column":4},"end":{"line":18,"column":5}},"type":"if","locations":[{"start":{"line":16,"column":4},"end":{"line":18,"column":5}},{"start":{},"end":{}}],"line":16},"2":{"loc":{"start":{"line":27,"column":2},"end":{"line":33,"column":3}},"type":"if","locations":[{"start":{"line":27,"column":2},"end":{"line":33,"column":3}},{"start":{},"end":{}}],"line":27},"3":{"loc":{"start":{"line":30,"column":11},"end":{"line":32,"column":58}},"type":"cond-expr","locations":[{"start":{"line":31,"column":8},"end":{"line":31,"column":39}},{"start":{"line":32,"column":8},"end":{"line":32,"column":58}}],"line":30}},"s":{"0":1,"1":1,"2":12,"3":27,"4":1,"5":16,"6":36,"7":124,"8":36,"9":18,"10":62,"11":28,"12":36,"13":18,"14":36,"15":1,"16":28,"17":252,"18":28,"19":24,"20":24,"21":4,"22":1,"23":7,"24":7,"25":1},"f":{"0":12,"1":27,"2":16,"3":36,"4":124,"5":62,"6":28,"7":28,"8":252,"9":7},"b":{"0":[18,18],"1":[18,18],"2":[24,4],"3":[8,16]},"_coverageSchema":"1a1c01bbd47fc00a2c39e90264f33305004495a9","hash":"6def42d91230b2c0f3b0e043bb2d9a2d94f4c5c9"}
}
