{"/home/gabriel/Área de Trabalho/Workspace/trybe-curso/bloco-01-fundamentos/secao-06-introducao-a-javascript-es6-e-testes-unitarios/dia-02-primeiros-passos-em-jest/source/exercicio-01.js": {"path":"/home/gabriel/Área de Trabalho/Workspace/trybe-curso/bloco-01-fundamentos/secao-06-introducao-a-javascript-es6-e-testes-unitarios/dia-02-primeiros-passos-em-jest/source/exercicio-01.js","statementMap":{"0":{"start":{"line":2,"column":17},"end":{"line":2,"column":19}},"1":{"start":{"line":4,"column":2},"end":{"line":8,"column":3}},"2":{"start":{"line":4,"column":19},"end":{"line":4,"column":20}},"3":{"start":{"line":5,"column":4},"end":{"line":7,"column":5}},"4":{"start":{"line":6,"column":6},"end":{"line":6,"column":30}},"5":{"start":{"line":10,"column":2},"end":{"line":10,"column":16}},"6":{"start":{"line":13,"column":0},"end":{"line":13,"column":26}}},"fnMap":{"0":{"name":"myRemove","decl":{"start":{"line":1,"column":9},"end":{"line":1,"column":17}},"loc":{"start":{"line":1,"column":30},"end":{"line":11,"column":1}},"line":1}},"branchMap":{"0":{"loc":{"start":{"line":5,"column":4},"end":{"line":7,"column":5}},"type":"if","locations":[{"start":{"line":5,"column":4},"end":{"line":7,"column":5}},{"start":{},"end":{}}],"line":5}},"s":{"0":3,"1":3,"2":3,"3":12,"4":10,"5":3,"6":1},"f":{"0":3},"b":{"0":[10,2]},"_coverageSchema":"1a1c01bbd47fc00a2c39e90264f33305004495a9","hash":"6d1635be59b4302ec5fe5690735762a4f93ca83e"}
,"/home/gabriel/Área de Trabalho/Workspace/trybe-curso/bloco-01-fundamentos/secao-06-introducao-a-javascript-es6-e-testes-unitarios/dia-02-primeiros-passos-em-jest/source/exercicio-02.js": {"path":"/home/gabriel/Área de Trabalho/Workspace/trybe-curso/bloco-01-fundamentos/secao-06-introducao-a-javascript-es6-e-testes-unitarios/dia-02-primeiros-passos-em-jest/source/exercicio-02.js","statementMap":{"0":{"start":{"line":2,"column":2},"end":{"line":2,"column":44}},"1":{"start":{"line":2,"column":31},"end":{"line":2,"column":44}},"2":{"start":{"line":3,"column":2},"end":{"line":3,"column":56}},"3":{"start":{"line":3,"column":38},"end":{"line":3,"column":56}},"4":{"start":{"line":4,"column":2},"end":{"line":4,"column":35}},"5":{"start":{"line":4,"column":21},"end":{"line":4,"column":35}},"6":{"start":{"line":5,"column":2},"end":{"line":5,"column":35}},"7":{"start":{"line":5,"column":21},"end":{"line":5,"column":35}},"8":{"start":{"line":7,"column":2},"end":{"line":7,"column":13}},"9":{"start":{"line":10,"column":0},"end":{"line":10,"column":28}}},"fnMap":{"0":{"name":"myFizzBuzz","decl":{"start":{"line":1,"column":9},"end":{"line":1,"column":19}},"loc":{"start":{"line":1,"column":26},"end":{"line":8,"column":1}},"line":1}},"branchMap":{"0":{"loc":{"start":{"line":2,"column":2},"end":{"line":2,"column":44}},"type":"if","locations":[{"start":{"line":2,"column":2},"end":{"line":2,"column":44}},{"start":{},"end":{}}],"line":2},"1":{"loc":{"start":{"line":3,"column":2},"end":{"line":3,"column":56}},"type":"if","locations":[{"start":{"line":3,"column":2},"end":{"line":3,"column":56}},{"start":{},"end":{}}],"line":3},"2":{"loc":{"start":{"line":3,"column":6},"end":{"line":3,"column":36}},"type":"binary-expr","locations":[{"start":{"line":3,"column":6},"end":{"line":3,"column":19}},{"start":{"line":3,"column":23},"end":{"line":3,"column":36}}],"line":3},"3":{"loc":{"start":{"line":4,"column":2},"end":{"line":4,"column":35}},"type":"if","locations":[{"start":{"line":4,"column":2},"end":{"line":4,"column":35}},{"start":{},"end":{}}],"line":4},"4":{"loc":{"start":{"line":5,"column":2},"end":{"line":5,"column":35}},"type":"if","locations":[{"start":{"line":5,"column":2},"end":{"line":5,"column":35}},{"start":{},"end":{}}],"line":5}},"s":{"0":5,"1":1,"2":4,"3":1,"4":3,"5":1,"6":2,"7":1,"8":1,"9":1},"f":{"0":5},"b":{"0":[1,4],"1":[1,3],"2":[4,2],"3":[1,2],"4":[1,1]},"_coverageSchema":"1a1c01bbd47fc00a2c39e90264f33305004495a9","hash":"435158f2b15f6572112c33bfd5d2cf25386916be"}
,"/home/gabriel/Área de Trabalho/Workspace/trybe-curso/bloco-01-fundamentos/secao-06-introducao-a-javascript-es6-e-testes-unitarios/dia-02-primeiros-passos-em-jest/source/exercicio-03.js": {"path":"/home/gabriel/Área de Trabalho/Workspace/trybe-curso/bloco-01-fundamentos/secao-06-introducao-a-javascript-es6-e-testes-unitarios/dia-02-primeiros-passos-em-jest/source/exercicio-03.js","statementMap":{"0":{"start":{"line":1,"column":18},"end":{"line":17,"column":1}},"1":{"start":{"line":2,"column":22},"end":{"line":2,"column":38}},"2":{"start":{"line":3,"column":22},"end":{"line":3,"column":24}},"3":{"start":{"line":5,"column":2},"end":{"line":14,"column":3}},"4":{"start":{"line":5,"column":19},"end":{"line":5,"column":20}},"5":{"start":{"line":6,"column":22},"end":{"line":6,"column":40}},"6":{"start":{"line":7,"column":24},"end":{"line":7,"column":44}},"7":{"start":{"line":9,"column":4},"end":{"line":13,"column":5}},"8":{"start":{"line":10,"column":6},"end":{"line":10,"column":36}},"9":{"start":{"line":12,"column":6},"end":{"line":12,"column":34}},"10":{"start":{"line":16,"column":2},"end":{"line":16,"column":30}},"11":{"start":{"line":19,"column":15},"end":{"line":29,"column":1}},"12":{"start":{"line":20,"column":14},"end":{"line":26,"column":3}},"13":{"start":{"line":28,"column":2},"end":{"line":28,"column":32}},"14":{"start":{"line":31,"column":15},"end":{"line":41,"column":1}},"15":{"start":{"line":32,"column":14},"end":{"line":38,"column":3}},"16":{"start":{"line":40,"column":2},"end":{"line":40,"column":32}},"17":{"start":{"line":43,"column":0},"end":{"line":43,"column":36}}},"fnMap":{"0":{"name":"(anonymous_0)","decl":{"start":{"line":1,"column":18},"end":{"line":1,"column":19}},"loc":{"start":{"line":1,"column":41},"end":{"line":17,"column":1}},"line":1},"1":{"name":"(anonymous_1)","decl":{"start":{"line":19,"column":15},"end":{"line":19,"column":16}},"loc":{"start":{"line":19,"column":27},"end":{"line":29,"column":1}},"line":19},"2":{"name":"(anonymous_2)","decl":{"start":{"line":31,"column":15},"end":{"line":31,"column":16}},"loc":{"start":{"line":31,"column":27},"end":{"line":41,"column":1}},"line":31}},"branchMap":{"0":{"loc":{"start":{"line":9,"column":4},"end":{"line":13,"column":5}},"type":"if","locations":[{"start":{"line":9,"column":4},"end":{"line":13,"column":5}},{"start":{"line":11,"column":11},"end":{"line":13,"column":5}}],"line":9}},"s":{"0":1,"1":12,"2":12,"3":12,"4":12,"5":40,"6":40,"7":40,"8":19,"9":21,"10":12,"11":1,"12":6,"13":6,"14":1,"15":6,"16":6,"17":1},"f":{"0":12,"1":6,"2":6},"b":{"0":[19,21]},"_coverageSchema":"1a1c01bbd47fc00a2c39e90264f33305004495a9","hash":"779ebe9de5e997cb9b6ac8c929a852e43e29948a"}
,"/home/gabriel/Área de Trabalho/Workspace/trybe-curso/bloco-01-fundamentos/secao-06-introducao-a-javascript-es6-e-testes-unitarios/dia-02-primeiros-passos-em-jest/source/exercicio-04.js": {"path":"/home/gabriel/Área de Trabalho/Workspace/trybe-curso/bloco-01-fundamentos/secao-06-introducao-a-javascript-es6-e-testes-unitarios/dia-02-primeiros-passos-em-jest/source/exercicio-04.js","statementMap":{"0":{"start":{"line":1,"column":17},"end":{"line":15,"column":1}},"1":{"start":{"line":2,"column":2},"end":{"line":2,"column":54}},"2":{"start":{"line":2,"column":38},"end":{"line":2,"column":54}},"3":{"start":{"line":4,"column":22},"end":{"line":4,"column":46}},"4":{"start":{"line":5,"column":25},"end":{"line":5,"column":27}},"5":{"start":{"line":7,"column":2},"end":{"line":12,"column":3}},"6":{"start":{"line":7,"column":19},"end":{"line":7,"column":20}},"7":{"start":{"line":8,"column":4},"end":{"line":11,"column":7}},"8":{"start":{"line":14,"column":2},"end":{"line":14,"column":24}},"9":{"start":{"line":17,"column":0},"end":{"line":17,"column":26}}},"fnMap":{"0":{"name":"(anonymous_0)","decl":{"start":{"line":1,"column":17},"end":{"line":1,"column":18}},"loc":{"start":{"line":1,"column":46},"end":{"line":15,"column":1}},"line":1}},"branchMap":{"0":{"loc":{"start":{"line":2,"column":2},"end":{"line":2,"column":54}},"type":"if","locations":[{"start":{"line":2,"column":2},"end":{"line":2,"column":54}},{"start":{},"end":{}}],"line":2}},"s":{"0":1,"1":2,"2":1,"3":1,"4":1,"5":1,"6":1,"7":5,"8":1,"9":1},"f":{"0":2},"b":{"0":[1,1]},"_coverageSchema":"1a1c01bbd47fc00a2c39e90264f33305004495a9","hash":"5fbe8ee16768d7f1387e0f2aadd0e774c655a90f"}
,"/home/gabriel/Área de Trabalho/Workspace/trybe-curso/bloco-01-fundamentos/secao-06-introducao-a-javascript-es6-e-testes-unitarios/dia-02-primeiros-passos-em-jest/source/exercicio-05.js": {"path":"/home/gabriel/Área de Trabalho/Workspace/trybe-curso/bloco-01-fundamentos/secao-06-introducao-a-javascript-es6-e-testes-unitarios/dia-02-primeiros-passos-em-jest/source/exercicio-05.js","statementMap":{"0":{"start":{"line":1,"column":16},"end":{"line":20,"column":1}},"1":{"start":{"line":2,"column":22},"end":{"line":2,"column":38}},"2":{"start":{"line":3,"column":23},"end":{"line":3,"column":24}},"3":{"start":{"line":5,"column":2},"end":{"line":11,"column":3}},"4":{"start":{"line":5,"column":19},"end":{"line":5,"column":20}},"5":{"start":{"line":6,"column":28},"end":{"line":6,"column":56}},"6":{"start":{"line":8,"column":4},"end":{"line":10,"column":5}},"7":{"start":{"line":9,"column":6},"end":{"line":9,"column":40}},"8":{"start":{"line":13,"column":14},"end":{"line":13,"column":20}},"9":{"start":{"line":15,"column":2},"end":{"line":17,"column":3}},"10":{"start":{"line":16,"column":4},"end":{"line":16,"column":20}},"11":{"start":{"line":19,"column":2},"end":{"line":19,"column":46}},"12":{"start":{"line":22,"column":0},"end":{"line":22,"column":25}}},"fnMap":{"0":{"name":"(anonymous_0)","decl":{"start":{"line":1,"column":16},"end":{"line":1,"column":17}},"loc":{"start":{"line":1,"column":28},"end":{"line":20,"column":1}},"line":1}},"branchMap":{"0":{"loc":{"start":{"line":8,"column":4},"end":{"line":10,"column":5}},"type":"if","locations":[{"start":{"line":8,"column":4},"end":{"line":10,"column":5}},{"start":{},"end":{}}],"line":8},"1":{"loc":{"start":{"line":15,"column":2},"end":{"line":17,"column":3}},"type":"if","locations":[{"start":{"line":15,"column":2},"end":{"line":17,"column":3}},{"start":{},"end":{}}],"line":15}},"s":{"0":1,"1":5,"2":5,"3":5,"4":5,"5":162,"6":162,"7":12,"8":5,"9":5,"10":4,"11":5,"12":1},"f":{"0":5},"b":{"0":[12,150],"1":[4,1]},"_coverageSchema":"1a1c01bbd47fc00a2c39e90264f33305004495a9","hash":"f4fa1275b094b7f53d878d3b30c204943cdf16aa"}
,"/home/gabriel/Área de Trabalho/Workspace/trybe-curso/bloco-01-fundamentos/secao-06-introducao-a-javascript-es6-e-testes-unitarios/dia-03-matchers-e-cobertura-de-codigo/source/exercicio-01.js": {"path":"/home/gabriel/Área de Trabalho/Workspace/trybe-curso/bloco-01-fundamentos/secao-06-introducao-a-javascript-es6-e-testes-unitarios/dia-03-matchers-e-cobertura-de-codigo/source/exercicio-01.js","statementMap":{"0":{"start":{"line":1,"column":19},"end":{"line":20,"column":1}},"1":{"start":{"line":2,"column":2},"end":{"line":4,"column":3}},"2":{"start":{"line":3,"column":4},"end":{"line":3,"column":58}},"3":{"start":{"line":6,"column":2},"end":{"line":8,"column":3}},"4":{"start":{"line":7,"column":4},"end":{"line":7,"column":63}},"5":{"start":{"line":10,"column":2},"end":{"line":12,"column":3}},"6":{"start":{"line":11,"column":4},"end":{"line":11,"column":21}},"7":{"start":{"line":14,"column":2},"end":{"line":19,"column":4}},"8":{"start":{"line":22,"column":0},"end":{"line":22,"column":28}}},"fnMap":{"0":{"name":"(anonymous_0)","decl":{"start":{"line":1,"column":19},"end":{"line":1,"column":20}},"loc":{"start":{"line":1,"column":68},"end":{"line":20,"column":1}},"line":1}},"branchMap":{"0":{"loc":{"start":{"line":2,"column":2},"end":{"line":4,"column":3}},"type":"if","locations":[{"start":{"line":2,"column":2},"end":{"line":4,"column":3}},{"start":{},"end":{}}],"line":2},"1":{"loc":{"start":{"line":6,"column":2},"end":{"line":8,"column":3}},"type":"if","locations":[{"start":{"line":6,"column":2},"end":{"line":8,"column":3}},{"start":{},"end":{}}],"line":6},"2":{"loc":{"start":{"line":10,"column":2},"end":{"line":12,"column":3}},"type":"if","locations":[{"start":{"line":10,"column":2},"end":{"line":12,"column":3}},{"start":{},"end":{}}],"line":10}},"s":{"0":1,"1":6,"2":2,"3":4,"4":2,"5":2,"6":1,"7":2,"8":1},"f":{"0":6},"b":{"0":[2,4],"1":[2,2],"2":[1,1]},"_coverageSchema":"1a1c01bbd47fc00a2c39e90264f33305004495a9","hash":"707703912d8c87029076a099aadd86a990143374"}
,"/home/gabriel/Área de Trabalho/Workspace/trybe-curso/bloco-01-fundamentos/secao-06-introducao-a-javascript-es6-e-testes-unitarios/dia-03-matchers-e-cobertura-de-codigo/source/exercicio-02.js": {"path":"/home/gabriel/Área de Trabalho/Workspace/trybe-curso/bloco-01-fundamentos/secao-06-introducao-a-javascript-es6-e-testes-unitarios/dia-03-matchers-e-cobertura-de-codigo/source/exercicio-02.js","statementMap":{"0":{"start":{"line":2,"column":2},"end":{"line":4,"column":3}},"1":{"start":{"line":3,"column":4},"end":{"line":3,"column":50}},"2":{"start":{"line":6,"column":2},"end":{"line":6,"column":15}},"3":{"start":{"line":9,"column":0},"end":{"line":9,"column":21}}},"fnMap":{"0":{"name":"sum","decl":{"start":{"line":1,"column":9},"end":{"line":1,"column":12}},"loc":{"start":{"line":1,"column":20},"end":{"line":7,"column":1}},"line":1}},"branchMap":{"0":{"loc":{"start":{"line":2,"column":2},"end":{"line":4,"column":3}},"type":"if","locations":[{"start":{"line":2,"column":2},"end":{"line":4,"column":3}},{"start":{},"end":{}}],"line":2},"1":{"loc":{"start":{"line":2,"column":6},"end":{"line":2,"column":52}},"type":"binary-expr","locations":[{"start":{"line":2,"column":6},"end":{"line":2,"column":27}},{"start":{"line":2,"column":31},"end":{"line":2,"column":52}}],"line":2}},"s":{"0":4,"1":2,"2":2,"3":1},"f":{"0":4},"b":{"0":[2,2],"1":[4,4]},"_coverageSchema":"1a1c01bbd47fc00a2c39e90264f33305004495a9","hash":"875f98dd8759b4dc7650d0ac6013ed2633310025"}
,"/home/gabriel/Área de Trabalho/Workspace/trybe-curso/bloco-01-fundamentos/secao-06-introducao-a-javascript-es6-e-testes-unitarios/dia-03-matchers-e-cobertura-de-codigo/source/exercicio-03.js": {"path":"/home/gabriel/Área de Trabalho/Workspace/trybe-curso/bloco-01-fundamentos/secao-06-introducao-a-javascript-es6-e-testes-unitarios/dia-03-matchers-e-cobertura-de-codigo/source/exercicio-03.js","statementMap":{"0":{"start":{"line":1,"column":13},"end":{"line":5,"column":1}},"1":{"start":{"line":7,"column":21},"end":{"line":13,"column":1}},"2":{"start":{"line":8,"column":2},"end":{"line":10,"column":3}},"3":{"start":{"line":9,"column":4},"end":{"line":9,"column":39}},"4":{"start":{"line":12,"column":2},"end":{"line":12,"column":54}},"5":{"start":{"line":15,"column":0},"end":{"line":15,"column":40}}},"fnMap":{"0":{"name":"(anonymous_0)","decl":{"start":{"line":7,"column":21},"end":{"line":7,"column":22}},"loc":{"start":{"line":7,"column":40},"end":{"line":13,"column":1}},"line":7}},"branchMap":{"0":{"loc":{"start":{"line":8,"column":2},"end":{"line":10,"column":3}},"type":"if","locations":[{"start":{"line":8,"column":2},"end":{"line":10,"column":3}},{"start":{},"end":{}}],"line":8},"1":{"loc":{"start":{"line":8,"column":6},"end":{"line":8,"column":62}},"type":"binary-expr","locations":[{"start":{"line":8,"column":6},"end":{"line":8,"column":20}},{"start":{"line":8,"column":24},"end":{"line":8,"column":62}}],"line":8}},"s":{"0":1,"1":1,"2":3,"3":1,"4":2,"5":1},"f":{"0":3},"b":{"0":[1,2],"1":[3,3]},"_coverageSchema":"1a1c01bbd47fc00a2c39e90264f33305004495a9","hash":"087877ee43edf51e7178cce5502dd15d3023f0d6"}
,"/home/gabriel/Área de Trabalho/Workspace/trybe-curso/bloco-01-fundamentos/secao-06-introducao-a-javascript-es6-e-testes-unitarios/dia-03-matchers-e-cobertura-de-codigo/source/exercicio-04.js": {"path":"/home/gabriel/Área de Trabalho/Workspace/trybe-curso/bloco-01-fundamentos/secao-06-introducao-a-javascript-es6-e-testes-unitarios/dia-03-matchers-e-cobertura-de-codigo/source/exercicio-04.js","statementMap":{"0":{"start":{"line":1,"column":26},"end":{"line":38,"column":1}},"1":{"start":{"line":40,"column":23},"end":{"line":60,"column":1}},"2":{"start":{"line":41,"column":17},"end":{"line":41,"column":19}},"3":{"start":{"line":43,"column":2},"end":{"line":49,"column":3}},"4":{"start":{"line":43,"column":19},"end":{"line":43,"column":20}},"5":{"start":{"line":44,"column":28},"end":{"line":44,"column":52}},"6":{"start":{"line":46,"column":4},"end":{"line":48,"column":5}},"7":{"start":{"line":47,"column":6},"end":{"line":47,"column":33}},"8":{"start":{"line":51,"column":2},"end":{"line":53,"column":3}},"9":{"start":{"line":52,"column":4},"end":{"line":52,"column":43}},"10":{"start":{"line":55,"column":2},"end":{"line":57,"column":3}},"11":{"start":{"line":56,"column":4},"end":{"line":56,"column":47}},"12":{"start":{"line":59,"column":2},"end":{"line":59,"column":26}},"13":{"start":{"line":62,"column":0},"end":{"line":62,"column":32}}},"fnMap":{"0":{"name":"(anonymous_0)","decl":{"start":{"line":40,"column":23},"end":{"line":40,"column":24}},"loc":{"start":{"line":40,"column":39},"end":{"line":60,"column":1}},"line":40}},"branchMap":{"0":{"loc":{"start":{"line":46,"column":4},"end":{"line":48,"column":5}},"type":"if","locations":[{"start":{"line":46,"column":4},"end":{"line":48,"column":5}},{"start":{},"end":{}}],"line":46},"1":{"loc":{"start":{"line":51,"column":2},"end":{"line":53,"column":3}},"type":"if","locations":[{"start":{"line":51,"column":2},"end":{"line":53,"column":3}},{"start":{},"end":{}}],"line":51},"2":{"loc":{"start":{"line":55,"column":2},"end":{"line":57,"column":3}},"type":"if","locations":[{"start":{"line":55,"column":2},"end":{"line":57,"column":3}},{"start":{},"end":{}}],"line":55}},"s":{"0":1,"1":1,"2":7,"3":7,"4":7,"5":42,"6":42,"7":4,"8":7,"9":3,"10":4,"11":1,"12":3,"13":1},"f":{"0":7},"b":{"0":[4,38],"1":[3,4],"2":[1,3]},"_coverageSchema":"1a1c01bbd47fc00a2c39e90264f33305004495a9","hash":"ae18909df887327a36886af2e343e4ff59848b57"}
}
