TN:
SF:bloco-01-fundamentos/secao-06-introducao-a-javascript-es6-e-testes-unitarios/dia-02-primeiros-passos-em-jest/source/exercicio-01.js
FN:1,myRemove
FNF:1
FNH:1
FNDA:3,myRemove
DA:2,3
DA:4,3
DA:5,12
DA:6,10
DA:10,3
DA:13,1
LF:6
LH:6
BRDA:5,0,0,10
BRDA:5,0,1,2
BRF:2
BRH:2
end_of_record
TN:
SF:bloco-01-fundamentos/secao-06-introducao-a-javascript-es6-e-testes-unitarios/dia-02-primeiros-passos-em-jest/source/exercicio-02.js
FN:1,myFizzBuzz
FNF:1
FNH:1
FNDA:5,myFizzBuzz
DA:2,5
DA:3,4
DA:4,3
DA:5,2
DA:7,1
DA:10,1
LF:6
LH:6
BRDA:2,0,0,1
BRDA:2,0,1,4
BRDA:3,1,0,1
BRDA:3,1,1,3
BRDA:3,2,0,4
BRDA:3,2,1,2
BRDA:4,3,0,1
BRDA:4,3,1,2
BRDA:5,4,0,1
BRDA:5,4,1,1
BRF:10
BRH:10
end_of_record
TN:
SF:bloco-01-fundamentos/secao-06-introducao-a-javascript-es6-e-testes-unitarios/dia-02-primeiros-passos-em-jest/source/exercicio-03.js
FN:1,(anonymous_0)
FN:19,(anonymous_1)
FN:31,(anonymous_2)
FNF:3
FNH:3
FNDA:12,(anonymous_0)
FNDA:6,(anonymous_1)
FNDA:6,(anonymous_2)
DA:1,1
DA:2,12
DA:3,12
DA:5,12
DA:6,40
DA:7,40
DA:9,40
DA:10,19
DA:12,21
DA:16,12
DA:19,1
DA:20,6
DA:28,6
DA:31,1
DA:32,6
DA:40,6
DA:43,1
LF:17
LH:17
BRDA:9,0,0,19
BRDA:9,0,1,21
BRF:2
BRH:2
end_of_record
TN:
SF:bloco-01-fundamentos/secao-06-introducao-a-javascript-es6-e-testes-unitarios/dia-02-primeiros-passos-em-jest/source/exercicio-04.js
FN:1,(anonymous_0)
FNF:1
FNH:1
FNDA:2,(anonymous_0)
DA:1,1
DA:2,2
DA:4,1
DA:5,1
DA:7,1
DA:8,5
DA:14,1
DA:17,1
LF:8
LH:8
BRDA:2,0,0,1
BRDA:2,0,1,1
BRF:2
BRH:2
end_of_record
TN:
SF:bloco-01-fundamentos/secao-06-introducao-a-javascript-es6-e-testes-unitarios/dia-02-primeiros-passos-em-jest/source/exercicio-05.js
FN:1,(anonymous_0)
FNF:1
FNH:1
FNDA:5,(anonymous_0)
DA:1,1
DA:2,5
DA:3,5
DA:5,5
DA:6,162
DA:8,162
DA:9,12
DA:13,5
DA:15,5
DA:16,4
DA:19,5
DA:22,1
LF:12
LH:12
BRDA:8,0,0,12
BRDA:8,0,1,150
BRDA:15,1,0,4
BRDA:15,1,1,1
BRF:4
BRH:4
end_of_record
TN:
SF:bloco-01-fundamentos/secao-06-introducao-a-javascript-es6-e-testes-unitarios/dia-03-matchers-e-cobertura-de-codigo/source/exercicio-01.js
FN:1,(anonymous_0)
FNF:1
FNH:1
FNDA:6,(anonymous_0)
DA:1,1
DA:2,6
DA:3,2
DA:6,4
DA:7,2
DA:10,2
DA:11,1
DA:14,2
DA:22,1
LF:9
LH:9
BRDA:2,0,0,2
BRDA:2,0,1,4
BRDA:6,1,0,2
BRDA:6,1,1,2
BRDA:10,2,0,1
BRDA:10,2,1,1
BRF:6
BRH:6
end_of_record
TN:
SF:bloco-01-fundamentos/secao-06-introducao-a-javascript-es6-e-testes-unitarios/dia-03-matchers-e-cobertura-de-codigo/source/exercicio-02.js
FN:1,sum
FNF:1
FNH:1
FNDA:4,sum
DA:2,4
DA:3,2
DA:6,2
DA:9,1
LF:4
LH:4
BRDA:2,0,0,2
BRDA:2,0,1,2
BRDA:2,1,0,4
BRDA:2,1,1,4
BRF:4
BRH:4
end_of_record
TN:
SF:bloco-01-fundamentos/secao-06-introducao-a-javascript-es6-e-testes-unitarios/dia-03-matchers-e-cobertura-de-codigo/source/exercicio-03.js
FN:7,(anonymous_0)
FNF:1
FNH:1
FNDA:3,(anonymous_0)
DA:1,1
DA:7,1
DA:8,3
DA:9,1
DA:12,2
DA:15,1
LF:6
LH:6
BRDA:8,0,0,1
BRDA:8,0,1,2
BRDA:8,1,0,3
BRDA:8,1,1,3
BRF:4
BRH:4
end_of_record
TN:
SF:bloco-01-fundamentos/secao-06-introducao-a-javascript-es6-e-testes-unitarios/dia-03-matchers-e-cobertura-de-codigo/source/exercicio-04.js
FN:40,(anonymous_0)
FNF:1
FNH:1
FNDA:7,(anonymous_0)
DA:1,1
DA:40,1
DA:41,7
DA:43,7
DA:44,42
DA:46,42
DA:47,4
DA:51,7
DA:52,3
DA:55,4
DA:56,1
DA:59,3
DA:62,1
LF:13
LH:13
BRDA:46,0,0,4
BRDA:46,0,1,38
BRDA:51,1,0,3
BRDA:51,1,1,4
BRDA:55,2,0,1
BRDA:55,2,1,3
BRF:6
BRH:6
end_of_record
TN:
SF:bloco-05-projetos/secao-01-fundamentos/projeto-05-js-unit-tests/source/script-01.js
FN:1,(anonymous_0)
FNF:1
FNH:1
FNDA:12,(anonymous_0)
DA:1,1
DA:2,12
DA:3,1
DA:6,11
DA:8,11
DA:9,38
DA:10,4
DA:13,34
DA:16,7
DA:19,1
LF:10
LH:10
BRDA:2,0,0,1
BRDA:2,0,1,11
BRDA:9,1,0,4
BRDA:9,1,1,34
BRF:4
BRH:4
end_of_record
TN:
SF:bloco-05-projetos/secao-01-fundamentos/projeto-05-js-unit-tests/source/script-02.js
FN:1,(anonymous_0)
FNF:1
FNH:1
FNDA:7,(anonymous_0)
DA:1,1
DA:2,7
DA:4,7
DA:6,5
DA:13,1
LF:5
LH:5
BRDA:4,0,0,2
BRDA:4,0,1,5
BRDA:4,1,0,7
BRDA:4,1,1,6
BRF:4
BRH:4
end_of_record
TN:
SF:bloco-05-projetos/secao-01-fundamentos/projeto-05-js-unit-tests/source/script-03.js
FN:1,(anonymous_0)
FN:4,(anonymous_1)
FNF:2
FNH:2
FNDA:3,(anonymous_0)
FNDA:3,(anonymous_1)
DA:1,1
DA:2,3
DA:4,3
DA:7,3
DA:10,1
LF:5
LH:5
BRF:0
BRH:0
end_of_record
TN:
SF:bloco-05-projetos/secao-01-fundamentos/projeto-05-js-unit-tests/source/script-04.js
FN:19,(anonymous_0)
FNF:1
FNH:1
FNDA:6,(anonymous_0)
DA:1,1
DA:19,1
DA:20,6
DA:21,1
DA:24,5
DA:26,5
DA:27,4
DA:30,1
DA:33,1
LF:9
LH:9
BRDA:20,0,0,1
BRDA:20,0,1,5
BRDA:26,1,0,4
BRDA:26,1,1,1
BRF:4
BRH:4
end_of_record
TN:
SF:bloco-05-projetos/secao-01-fundamentos/projeto-05-js-unit-tests/source/script-05.js
FN:1,(anonymous_0)
FNF:1
FNH:1
FNDA:1,(anonymous_0)
DA:1,1
DA:2,1
DA:4,1
DA:5,4
DA:7,4
DA:8,8
DA:12,1
DA:15,1
LF:8
LH:8
BRF:0
BRH:0
end_of_record
TN:
SF:bloco-05-projetos/secao-01-fundamentos/projeto-05-js-unit-tests/source/script-06.js
FN:1,(anonymous_0)
FNF:1
FNH:1
FNDA:4,(anonymous_0)
DA:1,1
DA:2,4
DA:3,11
DA:4,3
DA:8,1
DA:11,1
LF:6
LH:6
BRDA:3,0,0,3
BRDA:3,0,1,8
BRF:2
BRH:2
end_of_record
TN:
SF:bloco-05-projetos/secao-01-fundamentos/projeto-05-js-unit-tests/source/script-07.js
FN:1,(anonymous_0)
FN:12,(anonymous_1)
FNF:2
FNH:2
FNDA:7,(anonymous_0)
FNDA:7,(anonymous_1)
DA:1,1
DA:2,7
DA:9,7
DA:12,1
DA:13,7
DA:15,2
DA:18,2
DA:21,3
DA:24,0
DA:28,1
LF:10
LH:9
BRDA:13,0,0,2
BRDA:13,0,1,2
BRDA:13,0,2,3
BRDA:13,0,3,0
BRF:4
BRH:3
end_of_record
TN:
SF:bloco-05-projetos/secao-01-fundamentos/projeto-05-js-unit-tests/source/script-08.js
FN:1,(anonymous_0)
FNF:1
FNH:1
FNDA:6,(anonymous_0)
DA:1,6
DA:16,1
LF:2
LH:2
BRF:0
BRH:0
end_of_record
TN:
SF:bloco-05-projetos/secao-01-fundamentos/projeto-05-js-unit-tests/source/script-09.js
FN:1,(anonymous_0)
FN:3,(anonymous_1)
FN:5,(anonymous_2)
FN:15,(anonymous_3)
FN:18,(anonymous_4)
FNF:5
FNH:5
FNDA:6,(anonymous_0)
FNDA:2,(anonymous_1)
FNDA:6,(anonymous_2)
FNDA:1,(anonymous_3)
FNDA:5,(anonymous_4)
DA:1,1
DA:2,6
DA:3,2
DA:6,6
DA:7,10
DA:8,5
DA:9,5
DA:13,1
DA:16,1
DA:18,1
DA:19,5
DA:20,10
DA:21,5
DA:26,1
DA:30,6
DA:33,1
LF:16
LH:16
BRDA:7,0,0,5
BRDA:7,0,1,5
BRDA:20,1,0,5
BRDA:20,1,1,5
BRF:4
BRH:4
end_of_record
TN:
SF:bloco-05-projetos/secao-01-fundamentos/projeto-05-js-unit-tests/source/script-10.js
FN:1,(anonymous_0)
FNF:1
FNH:1
FNDA:5,(anonymous_0)
DA:1,1
DA:2,5
DA:3,1
DA:6,4
DA:7,4
DA:8,4
DA:9,4
DA:11,4
DA:14,1
LF:9
LH:9
BRDA:2,0,0,1
BRDA:2,0,1,4
BRDA:2,1,0,5
BRDA:2,1,1,4
BRF:4
BRH:4
end_of_record
