TN:
SF:bloco-01-fundamentos/secao-06-introducao-a-javascript-es6-e-testes-unitarios/dia-02-primeiros-passos-em-jest/src/exercicio-01.js
FN:1,myRemove
FNF:1
FNH:1
FNDA:3,myRemove
DA:2,3
DA:4,3
DA:5,12
DA:6,10
DA:10,3
DA:13,1
LF:6
LH:6
BRDA:5,0,0,10
BRDA:5,0,1,2
BRF:2
BRH:2
end_of_record
TN:
SF:bloco-01-fundamentos/secao-06-introducao-a-javascript-es6-e-testes-unitarios/dia-02-primeiros-passos-em-jest/src/exercicio-02.js
FN:1,myFizzBuzz
FNF:1
FNH:1
FNDA:5,myFizzBuzz
DA:2,5
DA:3,4
DA:4,3
DA:5,2
DA:7,1
DA:10,1
LF:6
LH:6
BRDA:2,0,0,1
BRDA:2,0,1,4
BRDA:3,1,0,1
BRDA:3,1,1,3
BRDA:3,2,0,4
BRDA:3,2,1,2
BRDA:4,3,0,1
BRDA:4,3,1,2
BRDA:5,4,0,1
BRDA:5,4,1,1
BRF:10
BRH:10
end_of_record
TN:
SF:bloco-01-fundamentos/secao-06-introducao-a-javascript-es6-e-testes-unitarios/dia-02-primeiros-passos-em-jest/src/exercicio-03.js
FN:1,(anonymous_0)
FN:19,(anonymous_1)
FN:31,(anonymous_2)
FNF:3
FNH:3
FNDA:12,(anonymous_0)
FNDA:6,(anonymous_1)
FNDA:6,(anonymous_2)
DA:1,1
DA:2,12
DA:3,12
DA:5,12
DA:6,40
DA:7,40
DA:9,40
DA:10,19
DA:12,21
DA:16,12
DA:19,1
DA:20,6
DA:28,6
DA:31,1
DA:32,6
DA:40,6
DA:43,1
LF:17
LH:17
BRDA:9,0,0,19
BRDA:9,0,1,21
BRF:2
BRH:2
end_of_record
TN:
SF:bloco-01-fundamentos/secao-06-introducao-a-javascript-es6-e-testes-unitarios/dia-02-primeiros-passos-em-jest/src/exercicio-04.js
FN:1,(anonymous_0)
FNF:1
FNH:1
FNDA:2,(anonymous_0)
DA:1,1
DA:2,2
DA:4,1
DA:5,1
DA:7,1
DA:8,5
DA:14,1
DA:17,1
LF:8
LH:8
BRDA:2,0,0,1
BRDA:2,0,1,1
BRF:2
BRH:2
end_of_record
TN:
SF:bloco-01-fundamentos/secao-06-introducao-a-javascript-es6-e-testes-unitarios/dia-02-primeiros-passos-em-jest/src/exercicio-05.js
FN:1,(anonymous_0)
FNF:1
FNH:1
FNDA:5,(anonymous_0)
DA:1,1
DA:2,5
DA:3,5
DA:5,5
DA:6,162
DA:8,162
DA:9,12
DA:13,5
DA:15,5
DA:16,4
DA:19,5
DA:22,1
LF:12
LH:12
BRDA:8,0,0,12
BRDA:8,0,1,150
BRDA:15,1,0,4
BRDA:15,1,1,1
BRF:4
BRH:4
end_of_record
TN:
SF:bloco-01-fundamentos/secao-06-introducao-a-javascript-es6-e-testes-unitarios/dia-03-matchers-e-cobertura-de-codigo/src/exercicio-01.js
FN:1,(anonymous_0)
FNF:1
FNH:1
FNDA:6,(anonymous_0)
DA:1,1
DA:2,6
DA:3,2
DA:6,4
DA:7,2
DA:10,2
DA:11,1
DA:14,2
DA:22,1
LF:9
LH:9
BRDA:2,0,0,2
BRDA:2,0,1,4
BRDA:6,1,0,2
BRDA:6,1,1,2
BRDA:10,2,0,1
BRDA:10,2,1,1
BRF:6
BRH:6
end_of_record
TN:
SF:bloco-01-fundamentos/secao-06-introducao-a-javascript-es6-e-testes-unitarios/dia-03-matchers-e-cobertura-de-codigo/src/exercicio-02.js
FN:1,sum
FNF:1
FNH:1
FNDA:4,sum
DA:2,4
DA:3,2
DA:6,2
DA:9,1
LF:4
LH:4
BRDA:2,0,0,2
BRDA:2,0,1,2
BRDA:2,1,0,4
BRDA:2,1,1,4
BRF:4
BRH:4
end_of_record
TN:
SF:bloco-01-fundamentos/secao-06-introducao-a-javascript-es6-e-testes-unitarios/dia-03-matchers-e-cobertura-de-codigo/src/exercicio-03.js
FN:7,(anonymous_0)
FNF:1
FNH:1
FNDA:3,(anonymous_0)
DA:1,1
DA:7,1
DA:8,3
DA:9,1
DA:12,2
DA:15,1
LF:6
LH:6
BRDA:8,0,0,1
BRDA:8,0,1,2
BRDA:8,1,0,3
BRDA:8,1,1,3
BRF:4
BRH:4
end_of_record
TN:
SF:bloco-01-fundamentos/secao-06-introducao-a-javascript-es6-e-testes-unitarios/dia-03-matchers-e-cobertura-de-codigo/src/exercicio-04.js
FN:40,(anonymous_0)
FNF:1
FNH:1
FNDA:7,(anonymous_0)
DA:1,1
DA:40,1
DA:41,7
DA:43,7
DA:44,42
DA:46,42
DA:47,4
DA:51,7
DA:52,3
DA:55,4
DA:56,1
DA:59,3
DA:62,1
LF:13
LH:13
BRDA:46,0,0,4
BRDA:46,0,1,38
BRDA:51,1,0,3
BRDA:51,1,1,4
BRDA:55,2,0,1
BRDA:55,2,1,3
BRF:6
BRH:6
end_of_record
